[ 2017-02-11T22:19:56+08:00 ] 127.0.0.1 /index.php/Admin/Index/index
INFO: [ app_init ] --START--
INFO: Run Behavior\BuildLiteBehavior [ RunTime:0.000006s ]
INFO: [ app_init ] --END-- [ RunTime:0.000153s ]
INFO: [ app_begin ] --START--
INFO: Run Behavior\ReadHtmlCacheBehavior [ RunTime:0.000286s ]
INFO: [ app_begin ] --END-- [ RunTime:0.000311s ]
SQL: SHOW COLUMNS FROM `lqk_auth_group_access` [ RunTime:0.0290s ]
SQL: SELECT `uid`,`group_id`,`title`,`rules` FROM lqk_auth_group_access a INNER JOIN lqk_auth_group g on a.group_id=g.id  WHERE ( a.uid='88' and g.status='1' )  [ RunTime:0.0146s ]
SQL: SHOW COLUMNS FROM `lqk_auth_rule` [ RunTime:0.0015s ]
SQL: SELECT `condition`,`name` FROM `lqk_auth_rule` WHERE `id` IN ('6','96','20','1','2','3','4','5','64','21','7','8','9','10','11','12','13','14','15','16','123','124','125','19','104','126','129','130','131','143','144','145','146','148','137','138','139','140','132','133','134','135','136','141','142') AND `type` = 1 AND `status` = 1  [ RunTime:0.0008s ]
NOTIC: [2] Declaration of Common\Model\AdminNavModel::getTreeData($type = 'tree', $order = '') should be compatible with Common\Model\BaseModel::getTreeData($type = 'tree', $order = '', $name = 'name', $child = 'id', $parent = 'pid') /Library/WebServer/Documents/newshishiping/Application/Common/Model/AdminNavModel.class.php 第 7 行.
SQL: SHOW COLUMNS FROM `lqk_admin_nav` [ RunTime:0.0032s ]
SQL: SELECT * FROM `lqk_admin_nav` ORDER BY order_number is null,`order_number`,`id`  [ RunTime:0.0023s ]
INFO: [ view_parse ] --START--
INFO: [ template_filter ] --START--
INFO: Run Behavior\ContentReplaceBehavior [ RunTime:0.000247s ]
INFO: [ template_filter ] --END-- [ RunTime:0.000307s ]
INFO: Run Behavior\ParseTemplateBehavior [ RunTime:0.053072s ]
INFO: [ view_parse ] --END-- [ RunTime:0.053106s ]
INFO: [ view_filter ] --START--
INFO: Run Behavior\WriteHtmlCacheBehavior [ RunTime:0.000335s ]
INFO: [ view_filter ] --END-- [ RunTime:0.000353s ]
INFO: [ app_end ] --START--
INFO: Run Behavior\ShowPageTraceBehavior [ RunTime:0.000563s ]
INFO: [ app_end ] --END-- [ RunTime:0.000585s ]

[ 2017-02-11T22:19:56+08:00 ] 127.0.0.1 /index.php/Admin/Index/welcome
INFO: [ app_init ] --START--
INFO: Run Behavior\BuildLiteBehavior [ RunTime:0.000007s ]
INFO: [ app_init ] --END-- [ RunTime:0.000166s ]
INFO: [ app_begin ] --START--
INFO: Run Behavior\ReadHtmlCacheBehavior [ RunTime:0.000231s ]
INFO: [ app_begin ] --END-- [ RunTime:0.000251s ]
SQL: SHOW COLUMNS FROM `lqk_auth_group_access` [ RunTime:0.0005s ]
SQL: SELECT `uid`,`group_id`,`title`,`rules` FROM lqk_auth_group_access a INNER JOIN lqk_auth_group g on a.group_id=g.id  WHERE ( a.uid='88' and g.status='1' )  [ RunTime:0.0005s ]
SQL: SHOW COLUMNS FROM `lqk_auth_rule` [ RunTime:0.0010s ]
SQL: SELECT `condition`,`name` FROM `lqk_auth_rule` WHERE `id` IN ('6','96','20','1','2','3','4','5','64','21','7','8','9','10','11','12','13','14','15','16','123','124','125','19','104','126','129','130','131','143','144','145','146','148','137','138','139','140','132','133','134','135','136','141','142') AND `type` = 1 AND `status` = 1  [ RunTime:0.0005s ]
INFO: [ view_parse ] --START--
INFO: [ template_filter ] --START--
INFO: Run Behavior\ContentReplaceBehavior [ RunTime:0.000021s ]
INFO: [ template_filter ] --END-- [ RunTime:0.000044s ]
INFO: Run Behavior\ParseTemplateBehavior [ RunTime:0.008361s ]
INFO: [ view_parse ] --END-- [ RunTime:0.008396s ]
INFO: [ view_filter ] --START--
INFO: Run Behavior\WriteHtmlCacheBehavior [ RunTime:0.000219s ]
INFO: [ view_filter ] --END-- [ RunTime:0.000317s ]
INFO: [ app_end ] --START--
INFO: Run Behavior\ShowPageTraceBehavior [ RunTime:0.000461s ]
INFO: [ app_end ] --END-- [ RunTime:0.000488s ]

[ 2017-02-11T22:19:59+08:00 ] 127.0.0.1 /index.php/Admin/Posts/index
INFO: [ app_init ] --START--
INFO: Run Behavior\BuildLiteBehavior [ RunTime:0.000006s ]
INFO: [ app_init ] --END-- [ RunTime:0.000154s ]
INFO: [ app_begin ] --START--
INFO: Run Behavior\ReadHtmlCacheBehavior [ RunTime:0.000191s ]
INFO: [ app_begin ] --END-- [ RunTime:0.000205s ]
SQL: SHOW COLUMNS FROM `lqk_auth_group_access` [ RunTime:0.0024s ]
SQL: SELECT `uid`,`group_id`,`title`,`rules` FROM lqk_auth_group_access a INNER JOIN lqk_auth_group g on a.group_id=g.id  WHERE ( a.uid='88' and g.status='1' )  [ RunTime:0.0013s ]
SQL: SHOW COLUMNS FROM `lqk_auth_rule` [ RunTime:0.0011s ]
SQL: SELECT `condition`,`name` FROM `lqk_auth_rule` WHERE `id` IN ('6','96','20','1','2','3','4','5','64','21','7','8','9','10','11','12','13','14','15','16','123','124','125','19','104','126','129','130','131','143','144','145','146','148','137','138','139','140','132','133','134','135','136','141','142') AND `type` = 1 AND `status` = 1  [ RunTime:0.0008s ]
SQL: SHOW COLUMNS FROM `lqk_posts` [ RunTime:0.0013s ]
SQL: SELECT COUNT(*) AS tp_count FROM `lqk_posts` LIMIT 1   [ RunTime:0.0040s ]
NOTIC: [8] Only variables should be passed by reference /Library/WebServer/Documents/newshishiping/ThinkPHP/Library/Think/Db/Driver.class.php 第 769 行.
SQL: SELECT p.post_id,p.title,p.cover_path,p.create_time,p.uid,p.cate_id,p.click_number,p.see_number,u.username,u.avatar FROM lqk_posts p INNER JOIN lqk_users as u on p.uid = u.id  ORDER BY p.post_id desc LIMIT 0,15   [ RunTime:0.0012s ]
SQL: SHOW COLUMNS FROM `lqk_comment` [ RunTime:0.0004s ]
SQL: SELECT COUNT(*) AS tp_count FROM `lqk_comment` WHERE `post_id` = 13 LIMIT 1   [ RunTime:0.0009s ]
SQL: SHOW COLUMNS FROM `lqk_point` [ RunTime:0.0004s ]
SQL: SELECT COUNT(*) AS tp_count FROM `lqk_point` WHERE `post_id` = 13 AND `status` = 0 LIMIT 1   [ RunTime:0.0003s ]
INFO: [ view_parse ] --START--
INFO: [ template_filter ] --START--
INFO: Run Behavior\ContentReplaceBehavior [ RunTime:0.000059s ]
INFO: [ template_filter ] --END-- [ RunTime:0.000083s ]
INFO: Run Behavior\ParseTemplateBehavior [ RunTime:0.022680s ]
INFO: [ view_parse ] --END-- [ RunTime:0.022709s ]
INFO: [ view_filter ] --START--
INFO: Run Behavior\WriteHtmlCacheBehavior [ RunTime:0.000108s ]
INFO: [ view_filter ] --END-- [ RunTime:0.000121s ]
INFO: [ app_end ] --START--
INFO: Run Behavior\ShowPageTraceBehavior [ RunTime:0.000314s ]
INFO: [ app_end ] --END-- [ RunTime:0.000328s ]

[ 2017-02-11T22:20:01+08:00 ] 127.0.0.1 /index.php/Admin/Posts/add
INFO: [ app_init ] --START--
INFO: Run Behavior\BuildLiteBehavior [ RunTime:0.000020s ]
INFO: [ app_init ] --END-- [ RunTime:0.000433s ]
INFO: [ app_begin ] --START--
INFO: Run Behavior\ReadHtmlCacheBehavior [ RunTime:0.000680s ]
INFO: [ app_begin ] --END-- [ RunTime:0.000748s ]
SQL: SHOW COLUMNS FROM `lqk_auth_group_access` [ RunTime:0.0016s ]
SQL: SELECT `uid`,`group_id`,`title`,`rules` FROM lqk_auth_group_access a INNER JOIN lqk_auth_group g on a.group_id=g.id  WHERE ( a.uid='88' and g.status='1' )  [ RunTime:0.0005s ]
SQL: SHOW COLUMNS FROM `lqk_auth_rule` [ RunTime:0.0006s ]
SQL: SELECT `condition`,`name` FROM `lqk_auth_rule` WHERE `id` IN ('6','96','20','1','2','3','4','5','64','21','7','8','9','10','11','12','13','14','15','16','123','124','125','19','104','126','129','130','131','143','144','145','146','148','137','138','139','140','132','133','134','135','136','141','142') AND `type` = 1 AND `status` = 1  [ RunTime:0.0019s ]
SQL: SHOW COLUMNS FROM `lqk_category` [ RunTime:0.0019s ]
SQL: SELECT COUNT(*) AS tp_count FROM `lqk_category` LIMIT 1   [ RunTime:0.0003s ]
NOTIC: [8] Only variables should be passed by reference /Library/WebServer/Documents/newshishiping/ThinkPHP/Library/Think/Db/Driver.class.php 第 769 行.
SQL: SELECT `name`,`cate_id`,`create_time`,`update_time` FROM `lqk_category` ORDER BY `cate_id` desc LIMIT 0,100   [ RunTime:0.0003s ]
INFO: [ view_parse ] --START--
INFO: [ template_filter ] --START--
INFO: Run Behavior\ContentReplaceBehavior [ RunTime:0.000234s ]
INFO: [ template_filter ] --END-- [ RunTime:0.000284s ]
INFO: Run Behavior\ParseTemplateBehavior [ RunTime:0.021246s ]
INFO: [ view_parse ] --END-- [ RunTime:0.021287s ]
INFO: [ view_filter ] --START--
INFO: Run Behavior\WriteHtmlCacheBehavior [ RunTime:0.000163s ]
INFO: [ view_filter ] --END-- [ RunTime:0.000185s ]
INFO: [ app_end ] --START--
INFO: Run Behavior\ShowPageTraceBehavior [ RunTime:0.000586s ]
INFO: [ app_end ] --END-- [ RunTime:0.000626s ]

[ 2017-02-11T22:20:01+08:00 ] 127.0.0.1 /index.php/Admin/Users/get_users_list/p/1
INFO: [ app_init ] --START--
INFO: Run Behavior\BuildLiteBehavior [ RunTime:0.000009s ]
INFO: [ app_init ] --END-- [ RunTime:0.000315s ]
INFO: [ app_begin ] --START--
INFO: Run Behavior\ReadHtmlCacheBehavior [ RunTime:0.000288s ]
INFO: [ app_begin ] --END-- [ RunTime:0.000310s ]
SQL: SHOW COLUMNS FROM `lqk_auth_group_access` [ RunTime:0.0005s ]
SQL: SELECT `uid`,`group_id`,`title`,`rules` FROM lqk_auth_group_access a INNER JOIN lqk_auth_group g on a.group_id=g.id  WHERE ( a.uid='88' and g.status='1' )  [ RunTime:0.0004s ]
SQL: SHOW COLUMNS FROM `lqk_auth_rule` [ RunTime:0.0005s ]
SQL: SELECT `condition`,`name` FROM `lqk_auth_rule` WHERE `id` IN ('6','96','20','1','2','3','4','5','64','21','7','8','9','10','11','12','13','14','15','16','123','124','125','19','104','126','129','130','131','143','144','145','146','148','137','138','139','140','132','133','134','135','136','141','142') AND `type` = 1 AND `status` = 1  [ RunTime:0.0004s ]
SQL: SHOW COLUMNS FROM `lqk_users` [ RunTime:0.0005s ]
SQL: SELECT COUNT(*) AS tp_count FROM `lqk_users` LIMIT 1   [ RunTime:0.0003s ]
NOTIC: [8] Only variables should be passed by reference /Library/WebServer/Documents/newshishiping/ThinkPHP/Library/Think/Db/Driver.class.php 第 769 行.
SQL: SELECT `username`,`avatar`,`register_time`,`id` FROM `lqk_users` WHERE `status` = 3 ORDER BY `id` desc LIMIT 0,15   [ RunTime:0.0003s ]

