[ 2017-02-10T11:08:39+08:00 ] 127.0.0.1 /index.php/Admin/Index/index
INFO: [ app_init ] --START--
INFO: Run Behavior\BuildLiteBehavior [ RunTime:0.000009s ]
INFO: [ app_init ] --END-- [ RunTime:0.000262s ]
INFO: [ app_begin ] --START--
INFO: Run Behavior\ReadHtmlCacheBehavior [ RunTime:0.000225s ]
INFO: [ app_begin ] --END-- [ RunTime:0.000242s ]
SQL: SHOW COLUMNS FROM `lqk_auth_group_access` [ RunTime:0.0009s ]
SQL: SELECT `uid`,`group_id`,`title`,`rules` FROM lqk_auth_group_access a INNER JOIN lqk_auth_group g on a.group_id=g.id  WHERE ( a.uid='88' and g.status='1' )  [ RunTime:0.0028s ]
SQL: SHOW COLUMNS FROM `lqk_auth_rule` [ RunTime:0.0015s ]
SQL: SELECT `condition`,`name` FROM `lqk_auth_rule` WHERE `id` IN ('6','96','20','1','2','3','4','5','64','21','7','8','9','10','11','12','13','14','15','16','123','124','125','19','104','126','129','130','131','143','144','145','146','148','137','138','139','140','132','133','134','135','136','141','142') AND `type` = 1 AND `status` = 1  [ RunTime:0.0009s ]
NOTIC: [2] Declaration of Common\Model\AdminNavModel::getTreeData($type = 'tree', $order = '') should be compatible with Common\Model\BaseModel::getTreeData($type = 'tree', $order = '', $name = 'name', $child = 'id', $parent = 'pid') /Library/WebServer/Documents/newshishiping/Application/Common/Model/AdminNavModel.class.php 第 7 行.
SQL: SHOW COLUMNS FROM `lqk_admin_nav` [ RunTime:0.0014s ]
SQL: SELECT * FROM `lqk_admin_nav` ORDER BY order_number is null,`order_number`,`id`  [ RunTime:0.0009s ]
INFO: [ view_parse ] --START--
INFO: [ template_filter ] --START--
INFO: Run Behavior\ContentReplaceBehavior [ RunTime:0.000130s ]
INFO: [ template_filter ] --END-- [ RunTime:0.000155s ]
INFO: Run Behavior\ParseTemplateBehavior [ RunTime:0.014925s ]
INFO: [ view_parse ] --END-- [ RunTime:0.014978s ]
INFO: [ view_filter ] --START--
INFO: Run Behavior\WriteHtmlCacheBehavior [ RunTime:0.000182s ]
INFO: [ view_filter ] --END-- [ RunTime:0.000203s ]
INFO: [ app_end ] --START--
INFO: Run Behavior\ShowPageTraceBehavior [ RunTime:0.000691s ]
INFO: [ app_end ] --END-- [ RunTime:0.000741s ]

[ 2017-02-10T11:08:39+08:00 ] 127.0.0.1 /index.php/Admin/Index/welcome
INFO: [ app_init ] --START--
INFO: Run Behavior\BuildLiteBehavior [ RunTime:0.000007s ]
INFO: [ app_init ] --END-- [ RunTime:0.000159s ]
INFO: [ app_begin ] --START--
INFO: Run Behavior\ReadHtmlCacheBehavior [ RunTime:0.000216s ]
INFO: [ app_begin ] --END-- [ RunTime:0.000234s ]
SQL: SHOW COLUMNS FROM `lqk_auth_group_access` [ RunTime:0.0007s ]
SQL: SELECT `uid`,`group_id`,`title`,`rules` FROM lqk_auth_group_access a INNER JOIN lqk_auth_group g on a.group_id=g.id  WHERE ( a.uid='88' and g.status='1' )  [ RunTime:0.0005s ]
SQL: SHOW COLUMNS FROM `lqk_auth_rule` [ RunTime:0.0006s ]
SQL: SELECT `condition`,`name` FROM `lqk_auth_rule` WHERE `id` IN ('6','96','20','1','2','3','4','5','64','21','7','8','9','10','11','12','13','14','15','16','123','124','125','19','104','126','129','130','131','143','144','145','146','148','137','138','139','140','132','133','134','135','136','141','142') AND `type` = 1 AND `status` = 1  [ RunTime:0.0004s ]
INFO: [ view_parse ] --START--
INFO: [ template_filter ] --START--
INFO: Run Behavior\ContentReplaceBehavior [ RunTime:0.000030s ]
INFO: [ template_filter ] --END-- [ RunTime:0.000058s ]
INFO: Run Behavior\ParseTemplateBehavior [ RunTime:0.008087s ]
INFO: [ view_parse ] --END-- [ RunTime:0.008118s ]
INFO: [ view_filter ] --START--
INFO: Run Behavior\WriteHtmlCacheBehavior [ RunTime:0.000108s ]
INFO: [ view_filter ] --END-- [ RunTime:0.000125s ]
INFO: [ app_end ] --START--
INFO: Run Behavior\ShowPageTraceBehavior [ RunTime:0.000284s ]
INFO: [ app_end ] --END-- [ RunTime:0.000299s ]

[ 2017-02-10T11:08:42+08:00 ] 127.0.0.1 /index.php/Admin/Posts/index
INFO: [ app_init ] --START--
INFO: Run Behavior\BuildLiteBehavior [ RunTime:0.000005s ]
INFO: [ app_init ] --END-- [ RunTime:0.000142s ]
INFO: [ app_begin ] --START--
INFO: Run Behavior\ReadHtmlCacheBehavior [ RunTime:0.000188s ]
INFO: [ app_begin ] --END-- [ RunTime:0.000202s ]
SQL: SHOW COLUMNS FROM `lqk_auth_group_access` [ RunTime:0.0006s ]
SQL: SELECT `uid`,`group_id`,`title`,`rules` FROM lqk_auth_group_access a INNER JOIN lqk_auth_group g on a.group_id=g.id  WHERE ( a.uid='88' and g.status='1' )  [ RunTime:0.0006s ]
SQL: SHOW COLUMNS FROM `lqk_auth_rule` [ RunTime:0.0008s ]
SQL: SELECT `condition`,`name` FROM `lqk_auth_rule` WHERE `id` IN ('6','96','20','1','2','3','4','5','64','21','7','8','9','10','11','12','13','14','15','16','123','124','125','19','104','126','129','130','131','143','144','145','146','148','137','138','139','140','132','133','134','135','136','141','142') AND `type` = 1 AND `status` = 1  [ RunTime:0.0004s ]
SQL: SHOW COLUMNS FROM `lqk_posts` [ RunTime:0.0005s ]
SQL: SELECT COUNT(*) AS tp_count FROM `lqk_posts` LIMIT 1   [ RunTime:0.0004s ]
NOTIC: [8] Only variables should be passed by reference /Library/WebServer/Documents/newshishiping/ThinkPHP/Library/Think/Db/Driver.class.php 第 769 行.
SQL: SELECT p.post_id,p.title,p.cover_path,p.create_time,p.uid,p.cate_id,p.click_number,p.see_number,u.username,u.avatar FROM lqk_posts p INNER JOIN lqk_users as u on p.uid = u.id  ORDER BY p.post_id desc LIMIT 0,15   [ RunTime:0.0007s ]
SQL: SHOW COLUMNS FROM `lqk_comment` [ RunTime:0.0009s ]
SQL: SELECT COUNT(*) AS tp_count FROM `lqk_comment` WHERE `post_id` = 9 LIMIT 1   [ RunTime:0.0003s ]
SQL: SHOW COLUMNS FROM `lqk_point` [ RunTime:0.0010s ]
SQL: SELECT COUNT(*) AS tp_count FROM `lqk_point` WHERE `post_id` = 9 AND `status` = 0 LIMIT 1   [ RunTime:0.0003s ]
SQL: SELECT COUNT(*) AS tp_count FROM `lqk_comment` WHERE `post_id` = 8 LIMIT 1   [ RunTime:0.0002s ]
SQL: SELECT COUNT(*) AS tp_count FROM `lqk_point` WHERE `post_id` = 8 AND `status` = 0 LIMIT 1   [ RunTime:0.0002s ]
SQL: SELECT COUNT(*) AS tp_count FROM `lqk_comment` WHERE `post_id` = 7 LIMIT 1   [ RunTime:0.0002s ]
SQL: SELECT COUNT(*) AS tp_count FROM `lqk_point` WHERE `post_id` = 7 AND `status` = 0 LIMIT 1   [ RunTime:0.0002s ]
SQL: SELECT COUNT(*) AS tp_count FROM `lqk_comment` WHERE `post_id` = 6 LIMIT 1   [ RunTime:0.0003s ]
SQL: SELECT COUNT(*) AS tp_count FROM `lqk_point` WHERE `post_id` = 6 AND `status` = 0 LIMIT 1   [ RunTime:0.0002s ]
SQL: SELECT COUNT(*) AS tp_count FROM `lqk_comment` WHERE `post_id` = 5 LIMIT 1   [ RunTime:0.0002s ]
SQL: SELECT COUNT(*) AS tp_count FROM `lqk_point` WHERE `post_id` = 5 AND `status` = 0 LIMIT 1   [ RunTime:0.0003s ]
INFO: [ view_parse ] --START--
INFO: [ template_filter ] --START--
INFO: Run Behavior\ContentReplaceBehavior [ RunTime:0.000054s ]
INFO: [ template_filter ] --END-- [ RunTime:0.000073s ]
INFO: Run Behavior\ParseTemplateBehavior [ RunTime:0.005632s ]
INFO: [ view_parse ] --END-- [ RunTime:0.005662s ]
INFO: [ view_filter ] --START--
INFO: Run Behavior\WriteHtmlCacheBehavior [ RunTime:0.000103s ]
INFO: [ view_filter ] --END-- [ RunTime:0.000115s ]
INFO: [ app_end ] --START--
INFO: Run Behavior\ShowPageTraceBehavior [ RunTime:0.000277s ]
INFO: [ app_end ] --END-- [ RunTime:0.000292s ]

[ 2017-02-10T11:08:46+08:00 ] 127.0.0.1 /index.php/Admin/Comment/add/post_id/9
INFO: [ app_init ] --START--
INFO: Run Behavior\BuildLiteBehavior [ RunTime:0.000006s ]
INFO: [ app_init ] --END-- [ RunTime:0.000150s ]
INFO: [ app_begin ] --START--
INFO: Run Behavior\ReadHtmlCacheBehavior [ RunTime:0.000195s ]
INFO: [ app_begin ] --END-- [ RunTime:0.000210s ]
SQL: SHOW COLUMNS FROM `lqk_auth_group_access` [ RunTime:0.0010s ]
SQL: SELECT `uid`,`group_id`,`title`,`rules` FROM lqk_auth_group_access a INNER JOIN lqk_auth_group g on a.group_id=g.id  WHERE ( a.uid='88' and g.status='1' )  [ RunTime:0.0006s ]
SQL: SHOW COLUMNS FROM `lqk_auth_rule` [ RunTime:0.0005s ]
SQL: SELECT `condition`,`name` FROM `lqk_auth_rule` WHERE `id` IN ('6','96','20','1','2','3','4','5','64','21','7','8','9','10','11','12','13','14','15','16','123','124','125','19','104','126','129','130','131','143','144','145','146','148','137','138','139','140','132','133','134','135','136','141','142') AND `type` = 1 AND `status` = 1  [ RunTime:0.0005s ]
INFO: [ view_parse ] --START--
INFO: [ template_filter ] --START--
INFO: Run Behavior\ContentReplaceBehavior [ RunTime:0.000062s ]
INFO: [ template_filter ] --END-- [ RunTime:0.000079s ]
INFO: Run Behavior\ParseTemplateBehavior [ RunTime:0.005094s ]
INFO: [ view_parse ] --END-- [ RunTime:0.005120s ]
INFO: [ view_filter ] --START--
INFO: Run Behavior\WriteHtmlCacheBehavior [ RunTime:0.000106s ]
INFO: [ view_filter ] --END-- [ RunTime:0.000120s ]
INFO: [ app_end ] --START--
INFO: Run Behavior\ShowPageTraceBehavior [ RunTime:0.000270s ]
INFO: [ app_end ] --END-- [ RunTime:0.000284s ]

[ 2017-02-10T11:08:46+08:00 ] 127.0.0.1 /index.php/Admin/Users/get_users_list/p/1
INFO: [ app_init ] --START--
INFO: Run Behavior\BuildLiteBehavior [ RunTime:0.000014s ]
INFO: [ app_init ] --END-- [ RunTime:0.000231s ]
INFO: [ app_begin ] --START--
INFO: Run Behavior\ReadHtmlCacheBehavior [ RunTime:0.000303s ]
INFO: [ app_begin ] --END-- [ RunTime:0.000327s ]
SQL: SHOW COLUMNS FROM `lqk_auth_group_access` [ RunTime:0.0015s ]
SQL: SELECT `uid`,`group_id`,`title`,`rules` FROM lqk_auth_group_access a INNER JOIN lqk_auth_group g on a.group_id=g.id  WHERE ( a.uid='88' and g.status='1' )  [ RunTime:0.0010s ]
SQL: SHOW COLUMNS FROM `lqk_auth_rule` [ RunTime:0.0014s ]
SQL: SELECT `condition`,`name` FROM `lqk_auth_rule` WHERE `id` IN ('6','96','20','1','2','3','4','5','64','21','7','8','9','10','11','12','13','14','15','16','123','124','125','19','104','126','129','130','131','143','144','145','146','148','137','138','139','140','132','133','134','135','136','141','142') AND `type` = 1 AND `status` = 1  [ RunTime:0.0007s ]
SQL: SHOW COLUMNS FROM `lqk_users` [ RunTime:0.0006s ]
SQL: SELECT COUNT(*) AS tp_count FROM `lqk_users` LIMIT 1   [ RunTime:0.0002s ]
NOTIC: [8] Only variables should be passed by reference /Library/WebServer/Documents/newshishiping/ThinkPHP/Library/Think/Db/Driver.class.php 第 769 行.
SQL: SELECT `username`,`avatar`,`register_time`,`id` FROM `lqk_users` WHERE `status` = 3 ORDER BY `id` desc LIMIT 0,15   [ RunTime:0.0003s ]

[ 2017-02-10T11:09:06+08:00 ] 127.0.0.1 /index.php/Admin/Posts/index
INFO: [ app_init ] --START--
INFO: Run Behavior\BuildLiteBehavior [ RunTime:0.000007s ]
INFO: [ app_init ] --END-- [ RunTime:0.000162s ]
INFO: [ app_begin ] --START--
INFO: Run Behavior\ReadHtmlCacheBehavior [ RunTime:0.000270s ]
INFO: [ app_begin ] --END-- [ RunTime:0.000316s ]
SQL: SHOW COLUMNS FROM `lqk_auth_group_access` [ RunTime:0.0004s ]
SQL: SELECT `uid`,`group_id`,`title`,`rules` FROM lqk_auth_group_access a INNER JOIN lqk_auth_group g on a.group_id=g.id  WHERE ( a.uid='88' and g.status='1' )  [ RunTime:0.0004s ]
SQL: SHOW COLUMNS FROM `lqk_auth_rule` [ RunTime:0.0012s ]
SQL: SELECT `condition`,`name` FROM `lqk_auth_rule` WHERE `id` IN ('6','96','20','1','2','3','4','5','64','21','7','8','9','10','11','12','13','14','15','16','123','124','125','19','104','126','129','130','131','143','144','145','146','148','137','138','139','140','132','133','134','135','136','141','142') AND `type` = 1 AND `status` = 1  [ RunTime:0.0007s ]
SQL: SHOW COLUMNS FROM `lqk_posts` [ RunTime:0.0007s ]
SQL: SELECT COUNT(*) AS tp_count FROM `lqk_posts` LIMIT 1   [ RunTime:0.0003s ]
NOTIC: [8] Only variables should be passed by reference /Library/WebServer/Documents/newshishiping/ThinkPHP/Library/Think/Db/Driver.class.php 第 769 行.
SQL: SELECT p.post_id,p.title,p.cover_path,p.create_time,p.uid,p.cate_id,p.click_number,p.see_number,u.username,u.avatar FROM lqk_posts p INNER JOIN lqk_users as u on p.uid = u.id  ORDER BY p.post_id desc LIMIT 0,15   [ RunTime:0.0003s ]
SQL: SHOW COLUMNS FROM `lqk_comment` [ RunTime:0.0004s ]
SQL: SELECT COUNT(*) AS tp_count FROM `lqk_comment` WHERE `post_id` = 9 LIMIT 1   [ RunTime:0.0002s ]
SQL: SHOW COLUMNS FROM `lqk_point` [ RunTime:0.0004s ]
SQL: SELECT COUNT(*) AS tp_count FROM `lqk_point` WHERE `post_id` = 9 AND `status` = 0 LIMIT 1   [ RunTime:0.0002s ]
SQL: SELECT COUNT(*) AS tp_count FROM `lqk_comment` WHERE `post_id` = 8 LIMIT 1   [ RunTime:0.0002s ]
SQL: SELECT COUNT(*) AS tp_count FROM `lqk_point` WHERE `post_id` = 8 AND `status` = 0 LIMIT 1   [ RunTime:0.0002s ]
SQL: SELECT COUNT(*) AS tp_count FROM `lqk_comment` WHERE `post_id` = 7 LIMIT 1   [ RunTime:0.0002s ]
SQL: SELECT COUNT(*) AS tp_count FROM `lqk_point` WHERE `post_id` = 7 AND `status` = 0 LIMIT 1   [ RunTime:0.0002s ]
SQL: SELECT COUNT(*) AS tp_count FROM `lqk_comment` WHERE `post_id` = 6 LIMIT 1   [ RunTime:0.0002s ]
SQL: SELECT COUNT(*) AS tp_count FROM `lqk_point` WHERE `post_id` = 6 AND `status` = 0 LIMIT 1   [ RunTime:0.0002s ]
SQL: SELECT COUNT(*) AS tp_count FROM `lqk_comment` WHERE `post_id` = 5 LIMIT 1   [ RunTime:0.0002s ]
SQL: SELECT COUNT(*) AS tp_count FROM `lqk_point` WHERE `post_id` = 5 AND `status` = 0 LIMIT 1   [ RunTime:0.0002s ]
INFO: [ view_parse ] --START--
INFO: [ template_filter ] --START--
INFO: Run Behavior\ContentReplaceBehavior [ RunTime:0.000057s ]
INFO: [ template_filter ] --END-- [ RunTime:0.000092s ]
INFO: Run Behavior\ParseTemplateBehavior [ RunTime:0.004854s ]
INFO: [ view_parse ] --END-- [ RunTime:0.004876s ]
INFO: [ view_filter ] --START--
INFO: Run Behavior\WriteHtmlCacheBehavior [ RunTime:0.000100s ]
INFO: [ view_filter ] --END-- [ RunTime:0.000112s ]
INFO: [ app_end ] --START--
INFO: Run Behavior\ShowPageTraceBehavior [ RunTime:0.000263s ]
INFO: [ app_end ] --END-- [ RunTime:0.000276s ]

[ 2017-02-10T11:09:09+08:00 ] 127.0.0.1 /index.php/Admin/Comment/add/post_id/8
INFO: [ app_init ] --START--
INFO: Run Behavior\BuildLiteBehavior [ RunTime:0.000014s ]
INFO: [ app_init ] --END-- [ RunTime:0.000372s ]
INFO: [ app_begin ] --START--
INFO: Run Behavior\ReadHtmlCacheBehavior [ RunTime:0.000399s ]
INFO: [ app_begin ] --END-- [ RunTime:0.000425s ]
SQL: SHOW COLUMNS FROM `lqk_auth_group_access` [ RunTime:0.0014s ]
SQL: SELECT `uid`,`group_id`,`title`,`rules` FROM lqk_auth_group_access a INNER JOIN lqk_auth_group g on a.group_id=g.id  WHERE ( a.uid='88' and g.status='1' )  [ RunTime:0.0009s ]
SQL: SHOW COLUMNS FROM `lqk_auth_rule` [ RunTime:0.0009s ]
SQL: SELECT `condition`,`name` FROM `lqk_auth_rule` WHERE `id` IN ('6','96','20','1','2','3','4','5','64','21','7','8','9','10','11','12','13','14','15','16','123','124','125','19','104','126','129','130','131','143','144','145','146','148','137','138','139','140','132','133','134','135','136','141','142') AND `type` = 1 AND `status` = 1  [ RunTime:0.0005s ]
INFO: [ view_parse ] --START--
INFO: [ template_filter ] --START--
INFO: Run Behavior\ContentReplaceBehavior [ RunTime:0.000061s ]
INFO: [ template_filter ] --END-- [ RunTime:0.000079s ]
INFO: Run Behavior\ParseTemplateBehavior [ RunTime:0.003134s ]
INFO: [ view_parse ] --END-- [ RunTime:0.003153s ]
INFO: [ view_filter ] --START--
INFO: Run Behavior\WriteHtmlCacheBehavior [ RunTime:0.000076s ]
INFO: [ view_filter ] --END-- [ RunTime:0.000086s ]
INFO: [ app_end ] --START--
INFO: Run Behavior\ShowPageTraceBehavior [ RunTime:0.000225s ]
INFO: [ app_end ] --END-- [ RunTime:0.000237s ]

[ 2017-02-10T11:09:09+08:00 ] 127.0.0.1 /index.php/Admin/Users/get_users_list/p/1
INFO: [ app_init ] --START--
INFO: Run Behavior\BuildLiteBehavior [ RunTime:0.000007s ]
INFO: [ app_init ] --END-- [ RunTime:0.000161s ]
INFO: [ app_begin ] --START--
INFO: Run Behavior\ReadHtmlCacheBehavior [ RunTime:0.000211s ]
INFO: [ app_begin ] --END-- [ RunTime:0.000227s ]
SQL: SHOW COLUMNS FROM `lqk_auth_group_access` [ RunTime:0.0006s ]
SQL: SELECT `uid`,`group_id`,`title`,`rules` FROM lqk_auth_group_access a INNER JOIN lqk_auth_group g on a.group_id=g.id  WHERE ( a.uid='88' and g.status='1' )  [ RunTime:0.0006s ]
SQL: SHOW COLUMNS FROM `lqk_auth_rule` [ RunTime:0.0006s ]
SQL: SELECT `condition`,`name` FROM `lqk_auth_rule` WHERE `id` IN ('6','96','20','1','2','3','4','5','64','21','7','8','9','10','11','12','13','14','15','16','123','124','125','19','104','126','129','130','131','143','144','145','146','148','137','138','139','140','132','133','134','135','136','141','142') AND `type` = 1 AND `status` = 1  [ RunTime:0.0004s ]
SQL: SHOW COLUMNS FROM `lqk_users` [ RunTime:0.0005s ]
SQL: SELECT COUNT(*) AS tp_count FROM `lqk_users` LIMIT 1   [ RunTime:0.0003s ]
NOTIC: [8] Only variables should be passed by reference /Library/WebServer/Documents/newshishiping/ThinkPHP/Library/Think/Db/Driver.class.php 第 769 行.
SQL: SELECT `username`,`avatar`,`register_time`,`id` FROM `lqk_users` WHERE `status` = 3 ORDER BY `id` desc LIMIT 0,15   [ RunTime:0.0004s ]

[ 2017-02-10T11:09:16+08:00 ] 127.0.0.1 /index.php/Admin/Comment/add/post_id/8
INFO: [ app_init ] --START--
INFO: Run Behavior\BuildLiteBehavior [ RunTime:0.000005s ]
INFO: [ app_init ] --END-- [ RunTime:0.000144s ]
INFO: [ app_begin ] --START--
INFO: Run Behavior\ReadHtmlCacheBehavior [ RunTime:0.000191s ]
INFO: [ app_begin ] --END-- [ RunTime:0.000205s ]
SQL: SHOW COLUMNS FROM `lqk_auth_group_access` [ RunTime:0.0014s ]
SQL: SELECT `uid`,`group_id`,`title`,`rules` FROM lqk_auth_group_access a INNER JOIN lqk_auth_group g on a.group_id=g.id  WHERE ( a.uid='88' and g.status='1' )  [ RunTime:0.0010s ]
SQL: SHOW COLUMNS FROM `lqk_auth_rule` [ RunTime:0.0010s ]
SQL: SELECT `condition`,`name` FROM `lqk_auth_rule` WHERE `id` IN ('6','96','20','1','2','3','4','5','64','21','7','8','9','10','11','12','13','14','15','16','123','124','125','19','104','126','129','130','131','143','144','145','146','148','137','138','139','140','132','133','134','135','136','141','142') AND `type` = 1 AND `status` = 1  [ RunTime:0.0004s ]
SQL: SHOW COLUMNS FROM `lqk_comment` [ RunTime:0.0005s ]
SQL: SELECT COUNT(*) AS tp_count FROM `lqk_comment` WHERE `uid` = 97 AND `content` = 'sdf' AND `post_id` = 8 LIMIT 1   [ RunTime:0.0003s ]
SQL: SHOW COLUMNS FROM `lqk_comment` [ RunTime:0.0004s ]
SQL: INSERT INTO `lqk_comment` (`click_number`,`content`,`uid`,`post_id`,`create_time`) VALUES ('0','sdf','97','8','1486696156') [ RunTime:0.0004s ]
INFO: [ view_parse ] --START--
INFO: [ template_filter ] --START--
INFO: Run Behavior\ContentReplaceBehavior [ RunTime:0.000030s ]
INFO: [ template_filter ] --END-- [ RunTime:0.000054s ]
INFO: Run Behavior\ParseTemplateBehavior [ RunTime:0.012603s ]
INFO: [ view_parse ] --END-- [ RunTime:0.012631s ]
INFO: [ view_filter ] --START--
INFO: Run Behavior\WriteHtmlCacheBehavior [ RunTime:0.000093s ]
INFO: [ view_filter ] --END-- [ RunTime:0.000105s ]
INFO: [ app_end ] --START--
INFO: Run Behavior\ShowPageTraceBehavior [ RunTime:0.000276s ]
INFO: [ app_end ] --END-- [ RunTime:0.000290s ]

[ 2017-02-10T11:09:17+08:00 ] 127.0.0.1 /index.php/Admin/Comment/add/post_id/8
INFO: [ app_init ] --START--
INFO: Run Behavior\BuildLiteBehavior [ RunTime:0.000006s ]
INFO: [ app_init ] --END-- [ RunTime:0.000153s ]
INFO: [ app_begin ] --START--
INFO: Run Behavior\ReadHtmlCacheBehavior [ RunTime:0.000205s ]
INFO: [ app_begin ] --END-- [ RunTime:0.000220s ]
SQL: SHOW COLUMNS FROM `lqk_auth_group_access` [ RunTime:0.0005s ]
SQL: SELECT `uid`,`group_id`,`title`,`rules` FROM lqk_auth_group_access a INNER JOIN lqk_auth_group g on a.group_id=g.id  WHERE ( a.uid='88' and g.status='1' )  [ RunTime:0.0005s ]
SQL: SHOW COLUMNS FROM `lqk_auth_rule` [ RunTime:0.0006s ]
SQL: SELECT `condition`,`name` FROM `lqk_auth_rule` WHERE `id` IN ('6','96','20','1','2','3','4','5','64','21','7','8','9','10','11','12','13','14','15','16','123','124','125','19','104','126','129','130','131','143','144','145','146','148','137','138','139','140','132','133','134','135','136','141','142') AND `type` = 1 AND `status` = 1  [ RunTime:0.0004s ]
INFO: [ view_parse ] --START--
INFO: [ template_filter ] --START--
INFO: Run Behavior\ContentReplaceBehavior [ RunTime:0.000078s ]
INFO: [ template_filter ] --END-- [ RunTime:0.000107s ]
INFO: Run Behavior\ParseTemplateBehavior [ RunTime:0.004488s ]
INFO: [ view_parse ] --END-- [ RunTime:0.004511s ]
INFO: [ view_filter ] --START--
INFO: Run Behavior\WriteHtmlCacheBehavior [ RunTime:0.000088s ]
INFO: [ view_filter ] --END-- [ RunTime:0.000099s ]
INFO: [ app_end ] --START--
INFO: Run Behavior\ShowPageTraceBehavior [ RunTime:0.000243s ]
INFO: [ app_end ] --END-- [ RunTime:0.000255s ]

[ 2017-02-10T11:09:17+08:00 ] 127.0.0.1 /index.php/Admin/Users/get_users_list/p/1
INFO: [ app_init ] --START--
INFO: Run Behavior\BuildLiteBehavior [ RunTime:0.000008s ]
INFO: [ app_init ] --END-- [ RunTime:0.000186s ]
INFO: [ app_begin ] --START--
INFO: Run Behavior\ReadHtmlCacheBehavior [ RunTime:0.000276s ]
INFO: [ app_begin ] --END-- [ RunTime:0.000295s ]
SQL: SHOW COLUMNS FROM `lqk_auth_group_access` [ RunTime:0.0005s ]
SQL: SELECT `uid`,`group_id`,`title`,`rules` FROM lqk_auth_group_access a INNER JOIN lqk_auth_group g on a.group_id=g.id  WHERE ( a.uid='88' and g.status='1' )  [ RunTime:0.0011s ]
SQL: SHOW COLUMNS FROM `lqk_auth_rule` [ RunTime:0.0022s ]
SQL: SELECT `condition`,`name` FROM `lqk_auth_rule` WHERE `id` IN ('6','96','20','1','2','3','4','5','64','21','7','8','9','10','11','12','13','14','15','16','123','124','125','19','104','126','129','130','131','143','144','145','146','148','137','138','139','140','132','133','134','135','136','141','142') AND `type` = 1 AND `status` = 1  [ RunTime:0.0004s ]
SQL: SHOW COLUMNS FROM `lqk_users` [ RunTime:0.0005s ]
SQL: SELECT COUNT(*) AS tp_count FROM `lqk_users` LIMIT 1   [ RunTime:0.0002s ]
NOTIC: [8] Only variables should be passed by reference /Library/WebServer/Documents/newshishiping/ThinkPHP/Library/Think/Db/Driver.class.php 第 769 行.
SQL: SELECT `username`,`avatar`,`register_time`,`id` FROM `lqk_users` WHERE `status` = 3 ORDER BY `id` desc LIMIT 0,15   [ RunTime:0.0003s ]

[ 2017-02-10T11:13:18+08:00 ] 127.0.0.1 /index.php/Admin/Comment/add/post_id/8
INFO: [ app_init ] --START--
INFO: Run Behavior\BuildLiteBehavior [ RunTime:0.000006s ]
INFO: [ app_init ] --END-- [ RunTime:0.000155s ]
INFO: [ app_begin ] --START--
INFO: Run Behavior\ReadHtmlCacheBehavior [ RunTime:0.000204s ]
INFO: [ app_begin ] --END-- [ RunTime:0.000219s ]
SQL: SHOW COLUMNS FROM `lqk_auth_group_access` [ RunTime:0.0005s ]
SQL: SELECT `uid`,`group_id`,`title`,`rules` FROM lqk_auth_group_access a INNER JOIN lqk_auth_group g on a.group_id=g.id  WHERE ( a.uid='88' and g.status='1' )  [ RunTime:0.0003s ]
SQL: SHOW COLUMNS FROM `lqk_auth_rule` [ RunTime:0.0004s ]
SQL: SELECT `condition`,`name` FROM `lqk_auth_rule` WHERE `id` IN ('6','96','20','1','2','3','4','5','64','21','7','8','9','10','11','12','13','14','15','16','123','124','125','19','104','126','129','130','131','143','144','145','146','148','137','138','139','140','132','133','134','135','136','141','142') AND `type` = 1 AND `status` = 1  [ RunTime:0.0003s ]
INFO: [ view_parse ] --START--
INFO: [ template_filter ] --START--
INFO: Run Behavior\ContentReplaceBehavior [ RunTime:0.000104s ]
INFO: [ template_filter ] --END-- [ RunTime:0.000167s ]
INFO: Run Behavior\ParseTemplateBehavior [ RunTime:0.005622s ]
INFO: [ view_parse ] --END-- [ RunTime:0.005654s ]
INFO: [ view_filter ] --START--
INFO: Run Behavior\WriteHtmlCacheBehavior [ RunTime:0.000152s ]
INFO: [ view_filter ] --END-- [ RunTime:0.000169s ]
INFO: [ app_end ] --START--
INFO: Run Behavior\ShowPageTraceBehavior [ RunTime:0.000438s ]
INFO: [ app_end ] --END-- [ RunTime:0.000453s ]

[ 2017-02-10T11:13:18+08:00 ] 127.0.0.1 /index.php/Admin/Users/get_users_list/p/1
INFO: [ app_init ] --START--
INFO: Run Behavior\BuildLiteBehavior [ RunTime:0.000008s ]
INFO: [ app_init ] --END-- [ RunTime:0.000175s ]
INFO: [ app_begin ] --START--
INFO: Run Behavior\ReadHtmlCacheBehavior [ RunTime:0.000232s ]
INFO: [ app_begin ] --END-- [ RunTime:0.000251s ]
SQL: SHOW COLUMNS FROM `lqk_auth_group_access` [ RunTime:0.0005s ]
SQL: SELECT `uid`,`group_id`,`title`,`rules` FROM lqk_auth_group_access a INNER JOIN lqk_auth_group g on a.group_id=g.id  WHERE ( a.uid='88' and g.status='1' )  [ RunTime:0.0005s ]
SQL: SHOW COLUMNS FROM `lqk_auth_rule` [ RunTime:0.0005s ]
SQL: SELECT `condition`,`name` FROM `lqk_auth_rule` WHERE `id` IN ('6','96','20','1','2','3','4','5','64','21','7','8','9','10','11','12','13','14','15','16','123','124','125','19','104','126','129','130','131','143','144','145','146','148','137','138','139','140','132','133','134','135','136','141','142') AND `type` = 1 AND `status` = 1  [ RunTime:0.0004s ]
SQL: SHOW COLUMNS FROM `lqk_users` [ RunTime:0.0011s ]
SQL: SELECT COUNT(*) AS tp_count FROM `lqk_users` LIMIT 1   [ RunTime:0.0006s ]
NOTIC: [8] Only variables should be passed by reference /Library/WebServer/Documents/newshishiping/ThinkPHP/Library/Think/Db/Driver.class.php 第 769 行.
SQL: SELECT `username`,`avatar`,`register_time`,`id` FROM `lqk_users` WHERE `status` = 3 ORDER BY `id` desc LIMIT 0,15   [ RunTime:0.0006s ]

[ 2017-02-10T11:13:21+08:00 ] 127.0.0.1 /index.php/Admin/Comment/add/post_id/8
INFO: [ app_init ] --START--
INFO: Run Behavior\BuildLiteBehavior [ RunTime:0.000010s ]
INFO: [ app_init ] --END-- [ RunTime:0.000221s ]
INFO: [ app_begin ] --START--
INFO: Run Behavior\ReadHtmlCacheBehavior [ RunTime:0.000487s ]
INFO: [ app_begin ] --END-- [ RunTime:0.000529s ]
SQL: SHOW COLUMNS FROM `lqk_auth_group_access` [ RunTime:0.0006s ]
SQL: SELECT `uid`,`group_id`,`title`,`rules` FROM lqk_auth_group_access a INNER JOIN lqk_auth_group g on a.group_id=g.id  WHERE ( a.uid='88' and g.status='1' )  [ RunTime:0.0005s ]
SQL: SHOW COLUMNS FROM `lqk_auth_rule` [ RunTime:0.0008s ]
SQL: SELECT `condition`,`name` FROM `lqk_auth_rule` WHERE `id` IN ('6','96','20','1','2','3','4','5','64','21','7','8','9','10','11','12','13','14','15','16','123','124','125','19','104','126','129','130','131','143','144','145','146','148','137','138','139','140','132','133','134','135','136','141','142') AND `type` = 1 AND `status` = 1  [ RunTime:0.0004s ]
NOTIC: [8] Undefined index: uid /Library/WebServer/Documents/newshishiping/Application/Admin/Controller/CommentController.class.php 第 27 行.
SQL: SHOW COLUMNS FROM `lqk_comment` [ RunTime:0.0010s ]
SQL: SELECT COUNT(*) AS tp_count FROM `lqk_comment` WHERE `uid` = null AND `content` = '23' AND `post_id` = 8 LIMIT 1   [ RunTime:0.0005s ]
SQL: SHOW COLUMNS FROM `lqk_comment` [ RunTime:0.0007s ]
INFO: [ view_parse ] --START--
INFO: [ template_filter ] --START--
INFO: Run Behavior\ContentReplaceBehavior [ RunTime:0.000038s ]
INFO: [ template_filter ] --END-- [ RunTime:0.000058s ]
INFO: Run Behavior\ParseTemplateBehavior [ RunTime:0.003398s ]
INFO: [ view_parse ] --END-- [ RunTime:0.003423s ]
INFO: [ view_filter ] --START--
INFO: Run Behavior\WriteHtmlCacheBehavior [ RunTime:0.000119s ]
INFO: [ view_filter ] --END-- [ RunTime:0.000137s ]

[ 2017-02-10T11:13:24+08:00 ] 127.0.0.1 /index.php/Admin/Comment/add/post_id/8
INFO: [ app_init ] --START--
INFO: Run Behavior\BuildLiteBehavior [ RunTime:0.000007s ]
INFO: [ app_init ] --END-- [ RunTime:0.000158s ]
INFO: [ app_begin ] --START--
INFO: Run Behavior\ReadHtmlCacheBehavior [ RunTime:0.000215s ]
INFO: [ app_begin ] --END-- [ RunTime:0.000231s ]
SQL: SHOW COLUMNS FROM `lqk_auth_group_access` [ RunTime:0.0004s ]
SQL: SELECT `uid`,`group_id`,`title`,`rules` FROM lqk_auth_group_access a INNER JOIN lqk_auth_group g on a.group_id=g.id  WHERE ( a.uid='88' and g.status='1' )  [ RunTime:0.0003s ]
SQL: SHOW COLUMNS FROM `lqk_auth_rule` [ RunTime:0.0004s ]
SQL: SELECT `condition`,`name` FROM `lqk_auth_rule` WHERE `id` IN ('6','96','20','1','2','3','4','5','64','21','7','8','9','10','11','12','13','14','15','16','123','124','125','19','104','126','129','130','131','143','144','145','146','148','137','138','139','140','132','133','134','135','136','141','142') AND `type` = 1 AND `status` = 1  [ RunTime:0.0003s ]
INFO: [ view_parse ] --START--
INFO: [ template_filter ] --START--
INFO: Run Behavior\ContentReplaceBehavior [ RunTime:0.000064s ]
INFO: [ template_filter ] --END-- [ RunTime:0.000085s ]
INFO: Run Behavior\ParseTemplateBehavior [ RunTime:0.003219s ]
INFO: [ view_parse ] --END-- [ RunTime:0.003241s ]
INFO: [ view_filter ] --START--
INFO: Run Behavior\WriteHtmlCacheBehavior [ RunTime:0.000094s ]
INFO: [ view_filter ] --END-- [ RunTime:0.000106s ]
INFO: [ app_end ] --START--
INFO: Run Behavior\ShowPageTraceBehavior [ RunTime:0.000244s ]
INFO: [ app_end ] --END-- [ RunTime:0.000257s ]

[ 2017-02-10T11:13:24+08:00 ] 127.0.0.1 /index.php/Admin/Users/get_users_list/p/1
INFO: [ app_init ] --START--
INFO: Run Behavior\BuildLiteBehavior [ RunTime:0.000007s ]
INFO: [ app_init ] --END-- [ RunTime:0.000158s ]
INFO: [ app_begin ] --START--
INFO: Run Behavior\ReadHtmlCacheBehavior [ RunTime:0.000221s ]
INFO: [ app_begin ] --END-- [ RunTime:0.000239s ]
SQL: SHOW COLUMNS FROM `lqk_auth_group_access` [ RunTime:0.0005s ]
SQL: SELECT `uid`,`group_id`,`title`,`rules` FROM lqk_auth_group_access a INNER JOIN lqk_auth_group g on a.group_id=g.id  WHERE ( a.uid='88' and g.status='1' )  [ RunTime:0.0005s ]
SQL: SHOW COLUMNS FROM `lqk_auth_rule` [ RunTime:0.0006s ]
SQL: SELECT `condition`,`name` FROM `lqk_auth_rule` WHERE `id` IN ('6','96','20','1','2','3','4','5','64','21','7','8','9','10','11','12','13','14','15','16','123','124','125','19','104','126','129','130','131','143','144','145','146','148','137','138','139','140','132','133','134','135','136','141','142') AND `type` = 1 AND `status` = 1  [ RunTime:0.0004s ]
SQL: SHOW COLUMNS FROM `lqk_users` [ RunTime:0.0006s ]
SQL: SELECT COUNT(*) AS tp_count FROM `lqk_users` LIMIT 1   [ RunTime:0.0003s ]
NOTIC: [8] Only variables should be passed by reference /Library/WebServer/Documents/newshishiping/ThinkPHP/Library/Think/Db/Driver.class.php 第 769 行.
SQL: SELECT `username`,`avatar`,`register_time`,`id` FROM `lqk_users` WHERE `status` = 3 ORDER BY `id` desc LIMIT 0,15   [ RunTime:0.0005s ]

[ 2017-02-10T11:13:27+08:00 ] 127.0.0.1 /index.php/Admin/Comment/add/post_id/8
INFO: [ app_init ] --START--
INFO: Run Behavior\BuildLiteBehavior [ RunTime:0.000006s ]
INFO: [ app_init ] --END-- [ RunTime:0.000158s ]
INFO: [ app_begin ] --START--
INFO: Run Behavior\ReadHtmlCacheBehavior [ RunTime:0.000209s ]
INFO: [ app_begin ] --END-- [ RunTime:0.000224s ]
SQL: SHOW COLUMNS FROM `lqk_auth_group_access` [ RunTime:0.0004s ]
SQL: SELECT `uid`,`group_id`,`title`,`rules` FROM lqk_auth_group_access a INNER JOIN lqk_auth_group g on a.group_id=g.id  WHERE ( a.uid='88' and g.status='1' )  [ RunTime:0.0003s ]
SQL: SHOW COLUMNS FROM `lqk_auth_rule` [ RunTime:0.0004s ]
SQL: SELECT `condition`,`name` FROM `lqk_auth_rule` WHERE `id` IN ('6','96','20','1','2','3','4','5','64','21','7','8','9','10','11','12','13','14','15','16','123','124','125','19','104','126','129','130','131','143','144','145','146','148','137','138','139','140','132','133','134','135','136','141','142') AND `type` = 1 AND `status` = 1  [ RunTime:0.0003s ]
SQL: SHOW COLUMNS FROM `lqk_comment` [ RunTime:0.0004s ]
SQL: SELECT COUNT(*) AS tp_count FROM `lqk_comment` WHERE `uid` = 97 AND `content` = '23' AND `post_id` = 8 LIMIT 1   [ RunTime:0.0002s ]
SQL: SHOW COLUMNS FROM `lqk_comment` [ RunTime:0.0004s ]
SQL: INSERT INTO `lqk_comment` (`click_number`,`content`,`uid`,`post_id`,`create_time`) VALUES ('0','23','97','8','1486696407') [ RunTime:0.0004s ]
INFO: [ view_parse ] --START--
INFO: [ template_filter ] --START--
INFO: Run Behavior\ContentReplaceBehavior [ RunTime:0.000027s ]
INFO: [ template_filter ] --END-- [ RunTime:0.000045s ]
INFO: Run Behavior\ParseTemplateBehavior [ RunTime:0.009031s ]
INFO: [ view_parse ] --END-- [ RunTime:0.009080s ]
INFO: [ view_filter ] --START--
INFO: Run Behavior\WriteHtmlCacheBehavior [ RunTime:0.000173s ]
INFO: [ view_filter ] --END-- [ RunTime:0.000187s ]
INFO: [ app_end ] --START--
INFO: Run Behavior\ShowPageTraceBehavior [ RunTime:0.000317s ]
INFO: [ app_end ] --END-- [ RunTime:0.000330s ]

[ 2017-02-10T11:13:28+08:00 ] 127.0.0.1 /index.php/Admin/Comment/add/post_id/8
INFO: [ app_init ] --START--
INFO: Run Behavior\BuildLiteBehavior [ RunTime:0.000005s ]
INFO: [ app_init ] --END-- [ RunTime:0.000152s ]
INFO: [ app_begin ] --START--
INFO: Run Behavior\ReadHtmlCacheBehavior [ RunTime:0.000203s ]
INFO: [ app_begin ] --END-- [ RunTime:0.000218s ]
SQL: SHOW COLUMNS FROM `lqk_auth_group_access` [ RunTime:0.0003s ]
SQL: SELECT `uid`,`group_id`,`title`,`rules` FROM lqk_auth_group_access a INNER JOIN lqk_auth_group g on a.group_id=g.id  WHERE ( a.uid='88' and g.status='1' )  [ RunTime:0.0003s ]
SQL: SHOW COLUMNS FROM `lqk_auth_rule` [ RunTime:0.0004s ]
SQL: SELECT `condition`,`name` FROM `lqk_auth_rule` WHERE `id` IN ('6','96','20','1','2','3','4','5','64','21','7','8','9','10','11','12','13','14','15','16','123','124','125','19','104','126','129','130','131','143','144','145','146','148','137','138','139','140','132','133','134','135','136','141','142') AND `type` = 1 AND `status` = 1  [ RunTime:0.0003s ]
INFO: [ view_parse ] --START--
INFO: [ template_filter ] --START--
INFO: Run Behavior\ContentReplaceBehavior [ RunTime:0.000062s ]
INFO: [ template_filter ] --END-- [ RunTime:0.000079s ]
INFO: Run Behavior\ParseTemplateBehavior [ RunTime:0.003047s ]
INFO: [ view_parse ] --END-- [ RunTime:0.003062s ]
INFO: [ view_filter ] --START--
INFO: Run Behavior\WriteHtmlCacheBehavior [ RunTime:0.000073s ]
INFO: [ view_filter ] --END-- [ RunTime:0.000084s ]
INFO: [ app_end ] --START--
INFO: Run Behavior\ShowPageTraceBehavior [ RunTime:0.000223s ]
INFO: [ app_end ] --END-- [ RunTime:0.000234s ]

[ 2017-02-10T11:13:28+08:00 ] 127.0.0.1 /index.php/Admin/Users/get_users_list/p/1
INFO: [ app_init ] --START--
INFO: Run Behavior\BuildLiteBehavior [ RunTime:0.000007s ]
INFO: [ app_init ] --END-- [ RunTime:0.000175s ]
INFO: [ app_begin ] --START--
INFO: Run Behavior\ReadHtmlCacheBehavior [ RunTime:0.000229s ]
INFO: [ app_begin ] --END-- [ RunTime:0.000246s ]
SQL: SHOW COLUMNS FROM `lqk_auth_group_access` [ RunTime:0.0006s ]
SQL: SELECT `uid`,`group_id`,`title`,`rules` FROM lqk_auth_group_access a INNER JOIN lqk_auth_group g on a.group_id=g.id  WHERE ( a.uid='88' and g.status='1' )  [ RunTime:0.0004s ]
SQL: SHOW COLUMNS FROM `lqk_auth_rule` [ RunTime:0.0007s ]
SQL: SELECT `condition`,`name` FROM `lqk_auth_rule` WHERE `id` IN ('6','96','20','1','2','3','4','5','64','21','7','8','9','10','11','12','13','14','15','16','123','124','125','19','104','126','129','130','131','143','144','145','146','148','137','138','139','140','132','133','134','135','136','141','142') AND `type` = 1 AND `status` = 1  [ RunTime:0.0004s ]
SQL: SHOW COLUMNS FROM `lqk_users` [ RunTime:0.0005s ]
SQL: SELECT COUNT(*) AS tp_count FROM `lqk_users` LIMIT 1   [ RunTime:0.0002s ]
NOTIC: [8] Only variables should be passed by reference /Library/WebServer/Documents/newshishiping/ThinkPHP/Library/Think/Db/Driver.class.php 第 769 行.
SQL: SELECT `username`,`avatar`,`register_time`,`id` FROM `lqk_users` WHERE `status` = 3 ORDER BY `id` desc LIMIT 0,15   [ RunTime:0.0003s ]

[ 2017-02-10T11:14:10+08:00 ] 127.0.0.1 /index.php/Admin/Comment/add/post_id/8
INFO: [ app_init ] --START--
INFO: Run Behavior\BuildLiteBehavior [ RunTime:0.000009s ]
INFO: [ app_init ] --END-- [ RunTime:0.000207s ]
INFO: [ app_begin ] --START--
INFO: Run Behavior\ReadHtmlCacheBehavior [ RunTime:0.000216s ]
INFO: [ app_begin ] --END-- [ RunTime:0.000232s ]
SQL: SHOW COLUMNS FROM `lqk_auth_group_access` [ RunTime:0.0004s ]
SQL: SELECT `uid`,`group_id`,`title`,`rules` FROM lqk_auth_group_access a INNER JOIN lqk_auth_group g on a.group_id=g.id  WHERE ( a.uid='88' and g.status='1' )  [ RunTime:0.0003s ]
SQL: SHOW COLUMNS FROM `lqk_auth_rule` [ RunTime:0.0003s ]
SQL: SELECT `condition`,`name` FROM `lqk_auth_rule` WHERE `id` IN ('6','96','20','1','2','3','4','5','64','21','7','8','9','10','11','12','13','14','15','16','123','124','125','19','104','126','129','130','131','143','144','145','146','148','137','138','139','140','132','133','134','135','136','141','142') AND `type` = 1 AND `status` = 1  [ RunTime:0.0003s ]
INFO: [ view_parse ] --START--
INFO: [ template_filter ] --START--
INFO: Run Behavior\ContentReplaceBehavior [ RunTime:0.000088s ]
INFO: [ template_filter ] --END-- [ RunTime:0.000112s ]
INFO: Run Behavior\ParseTemplateBehavior [ RunTime:0.007317s ]
INFO: [ view_parse ] --END-- [ RunTime:0.007336s ]
INFO: [ view_filter ] --START--
INFO: Run Behavior\WriteHtmlCacheBehavior [ RunTime:0.000094s ]
INFO: [ view_filter ] --END-- [ RunTime:0.000105s ]
INFO: [ app_end ] --START--
INFO: Run Behavior\ShowPageTraceBehavior [ RunTime:0.000328s ]
INFO: [ app_end ] --END-- [ RunTime:0.000342s ]

[ 2017-02-10T11:14:10+08:00 ] 127.0.0.1 /index.php/Admin/Users/get_users_list/p/1
INFO: [ app_init ] --START--
INFO: Run Behavior\BuildLiteBehavior [ RunTime:0.000006s ]
INFO: [ app_init ] --END-- [ RunTime:0.000156s ]
INFO: [ app_begin ] --START--
INFO: Run Behavior\ReadHtmlCacheBehavior [ RunTime:0.000210s ]
INFO: [ app_begin ] --END-- [ RunTime:0.000226s ]
SQL: SHOW COLUMNS FROM `lqk_auth_group_access` [ RunTime:0.0005s ]
SQL: SELECT `uid`,`group_id`,`title`,`rules` FROM lqk_auth_group_access a INNER JOIN lqk_auth_group g on a.group_id=g.id  WHERE ( a.uid='88' and g.status='1' )  [ RunTime:0.0004s ]
SQL: SHOW COLUMNS FROM `lqk_auth_rule` [ RunTime:0.0004s ]
SQL: SELECT `condition`,`name` FROM `lqk_auth_rule` WHERE `id` IN ('6','96','20','1','2','3','4','5','64','21','7','8','9','10','11','12','13','14','15','16','123','124','125','19','104','126','129','130','131','143','144','145','146','148','137','138','139','140','132','133','134','135','136','141','142') AND `type` = 1 AND `status` = 1  [ RunTime:0.0004s ]
SQL: SHOW COLUMNS FROM `lqk_users` [ RunTime:0.0013s ]
SQL: SELECT COUNT(*) AS tp_count FROM `lqk_users` LIMIT 1   [ RunTime:0.0005s ]
NOTIC: [8] Only variables should be passed by reference /Library/WebServer/Documents/newshishiping/ThinkPHP/Library/Think/Db/Driver.class.php 第 769 行.
SQL: SELECT `username`,`avatar`,`register_time`,`id` FROM `lqk_users` WHERE `status` = 3 ORDER BY `id` desc LIMIT 0,15   [ RunTime:0.0004s ]

[ 2017-02-10T11:14:13+08:00 ] 127.0.0.1 /index.php/Admin/Comment/add/post_id/8
INFO: [ app_init ] --START--
INFO: Run Behavior\BuildLiteBehavior [ RunTime:0.000006s ]
INFO: [ app_init ] --END-- [ RunTime:0.000147s ]
INFO: [ app_begin ] --START--
INFO: Run Behavior\ReadHtmlCacheBehavior [ RunTime:0.000192s ]
INFO: [ app_begin ] --END-- [ RunTime:0.000206s ]
SQL: SHOW COLUMNS FROM `lqk_auth_group_access` [ RunTime:0.0009s ]
SQL: SELECT `uid`,`group_id`,`title`,`rules` FROM lqk_auth_group_access a INNER JOIN lqk_auth_group g on a.group_id=g.id  WHERE ( a.uid='88' and g.status='1' )  [ RunTime:0.0003s ]
SQL: SHOW COLUMNS FROM `lqk_auth_rule` [ RunTime:0.0004s ]
SQL: SELECT `condition`,`name` FROM `lqk_auth_rule` WHERE `id` IN ('6','96','20','1','2','3','4','5','64','21','7','8','9','10','11','12','13','14','15','16','123','124','125','19','104','126','129','130','131','143','144','145','146','148','137','138','139','140','132','133','134','135','136','141','142') AND `type` = 1 AND `status` = 1  [ RunTime:0.0004s ]
SQL: SHOW COLUMNS FROM `lqk_comment` [ RunTime:0.0004s ]
SQL: SELECT COUNT(*) AS tp_count FROM `lqk_comment` WHERE `uid` = 97 AND `content` = '23' AND `post_id` = 8 LIMIT 1   [ RunTime:0.0002s ]

[ 2017-02-10T11:15:05+08:00 ] 127.0.0.1 /index.php/Admin/Index/index
INFO: [ app_init ] --START--
INFO: Run Behavior\BuildLiteBehavior [ RunTime:0.000006s ]
INFO: [ app_init ] --END-- [ RunTime:0.000152s ]
INFO: [ app_begin ] --START--
INFO: Run Behavior\ReadHtmlCacheBehavior [ RunTime:0.000262s ]
INFO: [ app_begin ] --END-- [ RunTime:0.000282s ]
SQL: SHOW COLUMNS FROM `lqk_auth_group_access` [ RunTime:0.0005s ]
SQL: SELECT `uid`,`group_id`,`title`,`rules` FROM lqk_auth_group_access a INNER JOIN lqk_auth_group g on a.group_id=g.id  WHERE ( a.uid='88' and g.status='1' )  [ RunTime:0.0004s ]
SQL: SHOW COLUMNS FROM `lqk_auth_rule` [ RunTime:0.0004s ]
SQL: SELECT `condition`,`name` FROM `lqk_auth_rule` WHERE `id` IN ('6','96','20','1','2','3','4','5','64','21','7','8','9','10','11','12','13','14','15','16','123','124','125','19','104','126','129','130','131','143','144','145','146','148','137','138','139','140','132','133','134','135','136','141','142') AND `type` = 1 AND `status` = 1  [ RunTime:0.0003s ]
NOTIC: [2] Declaration of Common\Model\AdminNavModel::getTreeData($type = 'tree', $order = '') should be compatible with Common\Model\BaseModel::getTreeData($type = 'tree', $order = '', $name = 'name', $child = 'id', $parent = 'pid') /Library/WebServer/Documents/newshishiping/Application/Common/Model/AdminNavModel.class.php 第 7 行.
SQL: SHOW COLUMNS FROM `lqk_admin_nav` [ RunTime:0.0005s ]
SQL: SELECT * FROM `lqk_admin_nav` ORDER BY order_number is null,`order_number`,`id`  [ RunTime:0.0003s ]
INFO: [ view_parse ] --START--
INFO: [ template_filter ] --START--
INFO: Run Behavior\ContentReplaceBehavior [ RunTime:0.000094s ]
INFO: [ template_filter ] --END-- [ RunTime:0.000111s ]
INFO: Run Behavior\ParseTemplateBehavior [ RunTime:0.004130s ]
INFO: [ view_parse ] --END-- [ RunTime:0.004149s ]
INFO: [ view_filter ] --START--
INFO: Run Behavior\WriteHtmlCacheBehavior [ RunTime:0.000083s ]
INFO: [ view_filter ] --END-- [ RunTime:0.000095s ]
INFO: [ app_end ] --START--
INFO: Run Behavior\ShowPageTraceBehavior [ RunTime:0.000472s ]
INFO: [ app_end ] --END-- [ RunTime:0.000496s ]

[ 2017-02-10T11:15:05+08:00 ] 127.0.0.1 /index.php/Admin/Index/welcome
INFO: [ app_init ] --START--
INFO: Run Behavior\BuildLiteBehavior [ RunTime:0.000008s ]
INFO: [ app_init ] --END-- [ RunTime:0.000157s ]
INFO: [ app_begin ] --START--
INFO: Run Behavior\ReadHtmlCacheBehavior [ RunTime:0.000241s ]
INFO: [ app_begin ] --END-- [ RunTime:0.000265s ]
SQL: SHOW COLUMNS FROM `lqk_auth_group_access` [ RunTime:0.0004s ]
SQL: SELECT `uid`,`group_id`,`title`,`rules` FROM lqk_auth_group_access a INNER JOIN lqk_auth_group g on a.group_id=g.id  WHERE ( a.uid='88' and g.status='1' )  [ RunTime:0.0004s ]
SQL: SHOW COLUMNS FROM `lqk_auth_rule` [ RunTime:0.0004s ]
SQL: SELECT `condition`,`name` FROM `lqk_auth_rule` WHERE `id` IN ('6','96','20','1','2','3','4','5','64','21','7','8','9','10','11','12','13','14','15','16','123','124','125','19','104','126','129','130','131','143','144','145','146','148','137','138','139','140','132','133','134','135','136','141','142') AND `type` = 1 AND `status` = 1  [ RunTime:0.0004s ]
INFO: [ view_parse ] --START--
INFO: [ template_filter ] --START--
INFO: Run Behavior\ContentReplaceBehavior [ RunTime:0.000022s ]
INFO: [ template_filter ] --END-- [ RunTime:0.000049s ]
INFO: Run Behavior\ParseTemplateBehavior [ RunTime:0.001867s ]
INFO: [ view_parse ] --END-- [ RunTime:0.001890s ]
INFO: [ view_filter ] --START--
INFO: Run Behavior\WriteHtmlCacheBehavior [ RunTime:0.000127s ]
INFO: [ view_filter ] --END-- [ RunTime:0.000156s ]
INFO: [ app_end ] --START--
INFO: Run Behavior\ShowPageTraceBehavior [ RunTime:0.000272s ]
INFO: [ app_end ] --END-- [ RunTime:0.000297s ]

[ 2017-02-10T11:15:08+08:00 ] 127.0.0.1 /index.php/Admin/Posts/index
INFO: [ app_init ] --START--
INFO: Run Behavior\BuildLiteBehavior [ RunTime:0.000005s ]
INFO: [ app_init ] --END-- [ RunTime:0.000141s ]
INFO: [ app_begin ] --START--
INFO: Run Behavior\ReadHtmlCacheBehavior [ RunTime:0.000189s ]
INFO: [ app_begin ] --END-- [ RunTime:0.000203s ]
SQL: SHOW COLUMNS FROM `lqk_auth_group_access` [ RunTime:0.0004s ]
SQL: SELECT `uid`,`group_id`,`title`,`rules` FROM lqk_auth_group_access a INNER JOIN lqk_auth_group g on a.group_id=g.id  WHERE ( a.uid='88' and g.status='1' )  [ RunTime:0.0003s ]
SQL: SHOW COLUMNS FROM `lqk_auth_rule` [ RunTime:0.0003s ]
SQL: SELECT `condition`,`name` FROM `lqk_auth_rule` WHERE `id` IN ('6','96','20','1','2','3','4','5','64','21','7','8','9','10','11','12','13','14','15','16','123','124','125','19','104','126','129','130','131','143','144','145','146','148','137','138','139','140','132','133','134','135','136','141','142') AND `type` = 1 AND `status` = 1  [ RunTime:0.0003s ]
SQL: SHOW COLUMNS FROM `lqk_posts` [ RunTime:0.0005s ]
SQL: SELECT COUNT(*) AS tp_count FROM `lqk_posts` LIMIT 1   [ RunTime:0.0002s ]
NOTIC: [8] Only variables should be passed by reference /Library/WebServer/Documents/newshishiping/ThinkPHP/Library/Think/Db/Driver.class.php 第 769 行.
SQL: SELECT p.post_id,p.title,p.cover_path,p.create_time,p.uid,p.cate_id,p.click_number,p.see_number,u.username,u.avatar FROM lqk_posts p INNER JOIN lqk_users as u on p.uid = u.id  ORDER BY p.post_id desc LIMIT 0,15   [ RunTime:0.0003s ]
SQL: SHOW COLUMNS FROM `lqk_comment` [ RunTime:0.0005s ]
SQL: SELECT COUNT(*) AS tp_count FROM `lqk_comment` WHERE `post_id` = 9 LIMIT 1   [ RunTime:0.0003s ]
SQL: SHOW COLUMNS FROM `lqk_point` [ RunTime:0.0005s ]
SQL: SELECT COUNT(*) AS tp_count FROM `lqk_point` WHERE `post_id` = 9 AND `status` = 0 LIMIT 1   [ RunTime:0.0003s ]
SQL: SELECT COUNT(*) AS tp_count FROM `lqk_comment` WHERE `post_id` = 8 LIMIT 1   [ RunTime:0.0003s ]
SQL: SELECT COUNT(*) AS tp_count FROM `lqk_point` WHERE `post_id` = 8 AND `status` = 0 LIMIT 1   [ RunTime:0.0003s ]
SQL: SELECT COUNT(*) AS tp_count FROM `lqk_comment` WHERE `post_id` = 7 LIMIT 1   [ RunTime:0.0003s ]
SQL: SELECT COUNT(*) AS tp_count FROM `lqk_point` WHERE `post_id` = 7 AND `status` = 0 LIMIT 1   [ RunTime:0.0003s ]
SQL: SELECT COUNT(*) AS tp_count FROM `lqk_comment` WHERE `post_id` = 6 LIMIT 1   [ RunTime:0.0003s ]
SQL: SELECT COUNT(*) AS tp_count FROM `lqk_point` WHERE `post_id` = 6 AND `status` = 0 LIMIT 1   [ RunTime:0.0003s ]
SQL: SELECT COUNT(*) AS tp_count FROM `lqk_comment` WHERE `post_id` = 5 LIMIT 1   [ RunTime:0.0002s ]
SQL: SELECT COUNT(*) AS tp_count FROM `lqk_point` WHERE `post_id` = 5 AND `status` = 0 LIMIT 1   [ RunTime:0.0002s ]
INFO: [ view_parse ] --START--
INFO: [ template_filter ] --START--
INFO: Run Behavior\ContentReplaceBehavior [ RunTime:0.000122s ]
INFO: [ template_filter ] --END-- [ RunTime:0.000160s ]
INFO: Run Behavior\ParseTemplateBehavior [ RunTime:0.005615s ]
INFO: [ view_parse ] --END-- [ RunTime:0.005683s ]
INFO: [ view_filter ] --START--
INFO: Run Behavior\WriteHtmlCacheBehavior [ RunTime:0.000435s ]
INFO: [ view_filter ] --END-- [ RunTime:0.000509s ]
INFO: [ app_end ] --START--
INFO: Run Behavior\ShowPageTraceBehavior [ RunTime:0.000810s ]
INFO: [ app_end ] --END-- [ RunTime:0.000857s ]

[ 2017-02-10T11:15:11+08:00 ] 127.0.0.1 /index.php/Admin/Comment/add/post_id/8
INFO: [ app_init ] --START--
INFO: Run Behavior\BuildLiteBehavior [ RunTime:0.000005s ]
INFO: [ app_init ] --END-- [ RunTime:0.000145s ]
INFO: [ app_begin ] --START--
INFO: Run Behavior\ReadHtmlCacheBehavior [ RunTime:0.000190s ]
INFO: [ app_begin ] --END-- [ RunTime:0.000204s ]
SQL: SHOW COLUMNS FROM `lqk_auth_group_access` [ RunTime:0.0004s ]
SQL: SELECT `uid`,`group_id`,`title`,`rules` FROM lqk_auth_group_access a INNER JOIN lqk_auth_group g on a.group_id=g.id  WHERE ( a.uid='88' and g.status='1' )  [ RunTime:0.0003s ]
SQL: SHOW COLUMNS FROM `lqk_auth_rule` [ RunTime:0.0004s ]
SQL: SELECT `condition`,`name` FROM `lqk_auth_rule` WHERE `id` IN ('6','96','20','1','2','3','4','5','64','21','7','8','9','10','11','12','13','14','15','16','123','124','125','19','104','126','129','130','131','143','144','145','146','148','137','138','139','140','132','133','134','135','136','141','142') AND `type` = 1 AND `status` = 1  [ RunTime:0.0004s ]
INFO: [ view_parse ] --START--
INFO: [ template_filter ] --START--
INFO: Run Behavior\ContentReplaceBehavior [ RunTime:0.000063s ]
INFO: [ template_filter ] --END-- [ RunTime:0.000085s ]
INFO: Run Behavior\ParseTemplateBehavior [ RunTime:0.003399s ]
INFO: [ view_parse ] --END-- [ RunTime:0.003416s ]
INFO: [ view_filter ] --START--
INFO: Run Behavior\WriteHtmlCacheBehavior [ RunTime:0.000078s ]
INFO: [ view_filter ] --END-- [ RunTime:0.000088s ]
INFO: [ app_end ] --START--
INFO: Run Behavior\ShowPageTraceBehavior [ RunTime:0.000232s ]
INFO: [ app_end ] --END-- [ RunTime:0.000243s ]

[ 2017-02-10T11:15:12+08:00 ] 127.0.0.1 /index.php/Admin/Users/get_users_list/p/1
INFO: [ app_init ] --START--
INFO: Run Behavior\BuildLiteBehavior [ RunTime:0.000030s ]
INFO: [ app_init ] --END-- [ RunTime:0.000443s ]
INFO: [ app_begin ] --START--
INFO: Run Behavior\ReadHtmlCacheBehavior [ RunTime:0.000558s ]
INFO: [ app_begin ] --END-- [ RunTime:0.000601s ]
SQL: SHOW COLUMNS FROM `lqk_auth_group_access` [ RunTime:0.0005s ]
SQL: SELECT `uid`,`group_id`,`title`,`rules` FROM lqk_auth_group_access a INNER JOIN lqk_auth_group g on a.group_id=g.id  WHERE ( a.uid='88' and g.status='1' )  [ RunTime:0.0005s ]
SQL: SHOW COLUMNS FROM `lqk_auth_rule` [ RunTime:0.0010s ]
SQL: SELECT `condition`,`name` FROM `lqk_auth_rule` WHERE `id` IN ('6','96','20','1','2','3','4','5','64','21','7','8','9','10','11','12','13','14','15','16','123','124','125','19','104','126','129','130','131','143','144','145','146','148','137','138','139','140','132','133','134','135','136','141','142') AND `type` = 1 AND `status` = 1  [ RunTime:0.0009s ]
SQL: SHOW COLUMNS FROM `lqk_users` [ RunTime:0.0010s ]
SQL: SELECT COUNT(*) AS tp_count FROM `lqk_users` LIMIT 1   [ RunTime:0.0002s ]
NOTIC: [8] Only variables should be passed by reference /Library/WebServer/Documents/newshishiping/ThinkPHP/Library/Think/Db/Driver.class.php 第 769 行.
SQL: SELECT `username`,`avatar`,`register_time`,`id` FROM `lqk_users` WHERE `status` = 3 ORDER BY `id` desc LIMIT 0,15   [ RunTime:0.0004s ]

[ 2017-02-10T11:15:58+08:00 ] 127.0.0.1 /index.php/Admin/Index/index
INFO: [ app_init ] --START--
INFO: Run Behavior\BuildLiteBehavior [ RunTime:0.000007s ]
INFO: [ app_init ] --END-- [ RunTime:0.000165s ]
INFO: [ app_begin ] --START--
INFO: Run Behavior\ReadHtmlCacheBehavior [ RunTime:0.000214s ]
INFO: [ app_begin ] --END-- [ RunTime:0.000231s ]
SQL: SHOW COLUMNS FROM `lqk_auth_group_access` [ RunTime:0.0006s ]
SQL: SELECT `uid`,`group_id`,`title`,`rules` FROM lqk_auth_group_access a INNER JOIN lqk_auth_group g on a.group_id=g.id  WHERE ( a.uid='88' and g.status='1' )  [ RunTime:0.0011s ]
SQL: SHOW COLUMNS FROM `lqk_auth_rule` [ RunTime:0.0010s ]
SQL: SELECT `condition`,`name` FROM `lqk_auth_rule` WHERE `id` IN ('6','96','20','1','2','3','4','5','64','21','7','8','9','10','11','12','13','14','15','16','123','124','125','19','104','126','129','130','131','143','144','145','146','148','137','138','139','140','132','133','134','135','136','141','142') AND `type` = 1 AND `status` = 1  [ RunTime:0.0008s ]
NOTIC: [2] Declaration of Common\Model\AdminNavModel::getTreeData($type = 'tree', $order = '') should be compatible with Common\Model\BaseModel::getTreeData($type = 'tree', $order = '', $name = 'name', $child = 'id', $parent = 'pid') /Library/WebServer/Documents/newshishiping/Application/Common/Model/AdminNavModel.class.php 第 7 行.
SQL: SHOW COLUMNS FROM `lqk_admin_nav` [ RunTime:0.0007s ]
SQL: SELECT * FROM `lqk_admin_nav` ORDER BY order_number is null,`order_number`,`id`  [ RunTime:0.0003s ]
INFO: [ view_parse ] --START--
INFO: [ template_filter ] --START--
INFO: Run Behavior\ContentReplaceBehavior [ RunTime:0.000207s ]
INFO: [ template_filter ] --END-- [ RunTime:0.000285s ]
INFO: Run Behavior\ParseTemplateBehavior [ RunTime:0.005082s ]
INFO: [ view_parse ] --END-- [ RunTime:0.005110s ]
INFO: [ view_filter ] --START--
INFO: Run Behavior\WriteHtmlCacheBehavior [ RunTime:0.000217s ]
INFO: [ view_filter ] --END-- [ RunTime:0.000241s ]
INFO: [ app_end ] --START--
INFO: Run Behavior\ShowPageTraceBehavior [ RunTime:0.000625s ]
INFO: [ app_end ] --END-- [ RunTime:0.000733s ]

[ 2017-02-10T11:15:58+08:00 ] 127.0.0.1 /index.php/Admin/Index/welcome
INFO: [ app_init ] --START--
INFO: Run Behavior\BuildLiteBehavior [ RunTime:0.000007s ]
INFO: [ app_init ] --END-- [ RunTime:0.000151s ]
INFO: [ app_begin ] --START--
INFO: Run Behavior\ReadHtmlCacheBehavior [ RunTime:0.000304s ]
INFO: [ app_begin ] --END-- [ RunTime:0.000325s ]
SQL: SHOW COLUMNS FROM `lqk_auth_group_access` [ RunTime:0.0004s ]
SQL: SELECT `uid`,`group_id`,`title`,`rules` FROM lqk_auth_group_access a INNER JOIN lqk_auth_group g on a.group_id=g.id  WHERE ( a.uid='88' and g.status='1' )  [ RunTime:0.0004s ]
SQL: SHOW COLUMNS FROM `lqk_auth_rule` [ RunTime:0.0004s ]
SQL: SELECT `condition`,`name` FROM `lqk_auth_rule` WHERE `id` IN ('6','96','20','1','2','3','4','5','64','21','7','8','9','10','11','12','13','14','15','16','123','124','125','19','104','126','129','130','131','143','144','145','146','148','137','138','139','140','132','133','134','135','136','141','142') AND `type` = 1 AND `status` = 1  [ RunTime:0.0004s ]
INFO: [ view_parse ] --START--
INFO: [ template_filter ] --START--
INFO: Run Behavior\ContentReplaceBehavior [ RunTime:0.000019s ]
INFO: [ template_filter ] --END-- [ RunTime:0.000044s ]
INFO: Run Behavior\ParseTemplateBehavior [ RunTime:0.001448s ]
INFO: [ view_parse ] --END-- [ RunTime:0.001469s ]
INFO: [ view_filter ] --START--
INFO: Run Behavior\WriteHtmlCacheBehavior [ RunTime:0.000105s ]
INFO: [ view_filter ] --END-- [ RunTime:0.000122s ]
INFO: [ app_end ] --START--
INFO: Run Behavior\ShowPageTraceBehavior [ RunTime:0.000371s ]
INFO: [ app_end ] --END-- [ RunTime:0.000393s ]

[ 2017-02-10T11:16:00+08:00 ] 127.0.0.1 /index.php/Admin/Posts/index
INFO: [ app_init ] --START--
INFO: Run Behavior\BuildLiteBehavior [ RunTime:0.000005s ]
INFO: [ app_init ] --END-- [ RunTime:0.000148s ]
INFO: [ app_begin ] --START--
INFO: Run Behavior\ReadHtmlCacheBehavior [ RunTime:0.000193s ]
INFO: [ app_begin ] --END-- [ RunTime:0.000207s ]
SQL: SHOW COLUMNS FROM `lqk_auth_group_access` [ RunTime:0.0004s ]
SQL: SELECT `uid`,`group_id`,`title`,`rules` FROM lqk_auth_group_access a INNER JOIN lqk_auth_group g on a.group_id=g.id  WHERE ( a.uid='88' and g.status='1' )  [ RunTime:0.0003s ]
SQL: SHOW COLUMNS FROM `lqk_auth_rule` [ RunTime:0.0003s ]
SQL: SELECT `condition`,`name` FROM `lqk_auth_rule` WHERE `id` IN ('6','96','20','1','2','3','4','5','64','21','7','8','9','10','11','12','13','14','15','16','123','124','125','19','104','126','129','130','131','143','144','145','146','148','137','138','139','140','132','133','134','135','136','141','142') AND `type` = 1 AND `status` = 1  [ RunTime:0.0003s ]
SQL: SHOW COLUMNS FROM `lqk_posts` [ RunTime:0.0008s ]
SQL: SELECT COUNT(*) AS tp_count FROM `lqk_posts` LIMIT 1   [ RunTime:0.0003s ]
NOTIC: [8] Only variables should be passed by reference /Library/WebServer/Documents/newshishiping/ThinkPHP/Library/Think/Db/Driver.class.php 第 769 行.
SQL: SELECT p.post_id,p.title,p.cover_path,p.create_time,p.uid,p.cate_id,p.click_number,p.see_number,u.username,u.avatar FROM lqk_posts p INNER JOIN lqk_users as u on p.uid = u.id  ORDER BY p.post_id desc LIMIT 0,15   [ RunTime:0.0003s ]
SQL: SHOW COLUMNS FROM `lqk_comment` [ RunTime:0.0004s ]
SQL: SELECT COUNT(*) AS tp_count FROM `lqk_comment` WHERE `post_id` = 9 LIMIT 1   [ RunTime:0.0002s ]
SQL: SHOW COLUMNS FROM `lqk_point` [ RunTime:0.0003s ]
SQL: SELECT COUNT(*) AS tp_count FROM `lqk_point` WHERE `post_id` = 9 AND `status` = 0 LIMIT 1   [ RunTime:0.0002s ]
SQL: SELECT COUNT(*) AS tp_count FROM `lqk_comment` WHERE `post_id` = 8 LIMIT 1   [ RunTime:0.0002s ]
SQL: SELECT COUNT(*) AS tp_count FROM `lqk_point` WHERE `post_id` = 8 AND `status` = 0 LIMIT 1   [ RunTime:0.0002s ]
SQL: SELECT COUNT(*) AS tp_count FROM `lqk_comment` WHERE `post_id` = 7 LIMIT 1   [ RunTime:0.0002s ]
SQL: SELECT COUNT(*) AS tp_count FROM `lqk_point` WHERE `post_id` = 7 AND `status` = 0 LIMIT 1   [ RunTime:0.0002s ]
SQL: SELECT COUNT(*) AS tp_count FROM `lqk_comment` WHERE `post_id` = 6 LIMIT 1   [ RunTime:0.0002s ]
SQL: SELECT COUNT(*) AS tp_count FROM `lqk_point` WHERE `post_id` = 6 AND `status` = 0 LIMIT 1   [ RunTime:0.0002s ]
SQL: SELECT COUNT(*) AS tp_count FROM `lqk_comment` WHERE `post_id` = 5 LIMIT 1   [ RunTime:0.0002s ]
SQL: SELECT COUNT(*) AS tp_count FROM `lqk_point` WHERE `post_id` = 5 AND `status` = 0 LIMIT 1   [ RunTime:0.0001s ]
INFO: [ view_parse ] --START--
INFO: [ template_filter ] --START--
INFO: Run Behavior\ContentReplaceBehavior [ RunTime:0.000056s ]
INFO: [ template_filter ] --END-- [ RunTime:0.000088s ]
INFO: Run Behavior\ParseTemplateBehavior [ RunTime:0.004299s ]
INFO: [ view_parse ] --END-- [ RunTime:0.004325s ]
INFO: [ view_filter ] --START--
INFO: Run Behavior\WriteHtmlCacheBehavior [ RunTime:0.000124s ]
INFO: [ view_filter ] --END-- [ RunTime:0.000140s ]
INFO: [ app_end ] --START--
INFO: Run Behavior\ShowPageTraceBehavior [ RunTime:0.000360s ]
INFO: [ app_end ] --END-- [ RunTime:0.000377s ]

[ 2017-02-10T11:16:04+08:00 ] 127.0.0.1 /index.php/Admin/Comment/add/post_id/8
INFO: [ app_init ] --START--
INFO: Run Behavior\BuildLiteBehavior [ RunTime:0.000006s ]
INFO: [ app_init ] --END-- [ RunTime:0.000150s ]
INFO: [ app_begin ] --START--
INFO: Run Behavior\ReadHtmlCacheBehavior [ RunTime:0.000192s ]
INFO: [ app_begin ] --END-- [ RunTime:0.000206s ]
SQL: SHOW COLUMNS FROM `lqk_auth_group_access` [ RunTime:0.0005s ]
SQL: SELECT `uid`,`group_id`,`title`,`rules` FROM lqk_auth_group_access a INNER JOIN lqk_auth_group g on a.group_id=g.id  WHERE ( a.uid='88' and g.status='1' )  [ RunTime:0.0004s ]
SQL: SHOW COLUMNS FROM `lqk_auth_rule` [ RunTime:0.0004s ]
SQL: SELECT `condition`,`name` FROM `lqk_auth_rule` WHERE `id` IN ('6','96','20','1','2','3','4','5','64','21','7','8','9','10','11','12','13','14','15','16','123','124','125','19','104','126','129','130','131','143','144','145','146','148','137','138','139','140','132','133','134','135','136','141','142') AND `type` = 1 AND `status` = 1  [ RunTime:0.0003s ]
INFO: [ view_parse ] --START--
INFO: [ template_filter ] --START--
INFO: Run Behavior\ContentReplaceBehavior [ RunTime:0.000070s ]
INFO: [ template_filter ] --END-- [ RunTime:0.000100s ]
INFO: Run Behavior\ParseTemplateBehavior [ RunTime:0.003957s ]
INFO: [ view_parse ] --END-- [ RunTime:0.003978s ]
INFO: [ view_filter ] --START--
INFO: Run Behavior\WriteHtmlCacheBehavior [ RunTime:0.000096s ]
INFO: [ view_filter ] --END-- [ RunTime:0.000107s ]
INFO: [ app_end ] --START--
INFO: Run Behavior\ShowPageTraceBehavior [ RunTime:0.000266s ]
INFO: [ app_end ] --END-- [ RunTime:0.000279s ]

[ 2017-02-10T11:16:05+08:00 ] 127.0.0.1 /index.php/Admin/Users/get_users_list/p/1
INFO: [ app_init ] --START--
INFO: Run Behavior\BuildLiteBehavior [ RunTime:0.000007s ]
INFO: [ app_init ] --END-- [ RunTime:0.000163s ]
INFO: [ app_begin ] --START--
INFO: Run Behavior\ReadHtmlCacheBehavior [ RunTime:0.000231s ]
INFO: [ app_begin ] --END-- [ RunTime:0.000248s ]
SQL: SHOW COLUMNS FROM `lqk_auth_group_access` [ RunTime:0.0006s ]
SQL: SELECT `uid`,`group_id`,`title`,`rules` FROM lqk_auth_group_access a INNER JOIN lqk_auth_group g on a.group_id=g.id  WHERE ( a.uid='88' and g.status='1' )  [ RunTime:0.0011s ]
SQL: SHOW COLUMNS FROM `lqk_auth_rule` [ RunTime:0.0010s ]
SQL: SELECT `condition`,`name` FROM `lqk_auth_rule` WHERE `id` IN ('6','96','20','1','2','3','4','5','64','21','7','8','9','10','11','12','13','14','15','16','123','124','125','19','104','126','129','130','131','143','144','145','146','148','137','138','139','140','132','133','134','135','136','141','142') AND `type` = 1 AND `status` = 1  [ RunTime:0.0009s ]
SQL: SHOW COLUMNS FROM `lqk_users` [ RunTime:0.0008s ]
SQL: SELECT COUNT(*) AS tp_count FROM `lqk_users` LIMIT 1   [ RunTime:0.0003s ]
NOTIC: [8] Only variables should be passed by reference /Library/WebServer/Documents/newshishiping/ThinkPHP/Library/Think/Db/Driver.class.php 第 769 行.
SQL: SELECT `username`,`avatar`,`register_time`,`id` FROM `lqk_users` WHERE `status` = 3 ORDER BY `id` desc LIMIT 0,15   [ RunTime:0.0004s ]

[ 2017-02-10T11:16:12+08:00 ] 127.0.0.1 /index.php/Admin/Comment/add/post_id/8
INFO: [ app_init ] --START--
INFO: Run Behavior\BuildLiteBehavior [ RunTime:0.000005s ]
INFO: [ app_init ] --END-- [ RunTime:0.000150s ]
INFO: [ app_begin ] --START--
INFO: Run Behavior\ReadHtmlCacheBehavior [ RunTime:0.000195s ]
INFO: [ app_begin ] --END-- [ RunTime:0.000210s ]
SQL: SHOW COLUMNS FROM `lqk_auth_group_access` [ RunTime:0.0004s ]
SQL: SELECT `uid`,`group_id`,`title`,`rules` FROM lqk_auth_group_access a INNER JOIN lqk_auth_group g on a.group_id=g.id  WHERE ( a.uid='88' and g.status='1' )  [ RunTime:0.0003s ]
SQL: SHOW COLUMNS FROM `lqk_auth_rule` [ RunTime:0.0003s ]
SQL: SELECT `condition`,`name` FROM `lqk_auth_rule` WHERE `id` IN ('6','96','20','1','2','3','4','5','64','21','7','8','9','10','11','12','13','14','15','16','123','124','125','19','104','126','129','130','131','143','144','145','146','148','137','138','139','140','132','133','134','135','136','141','142') AND `type` = 1 AND `status` = 1  [ RunTime:0.0003s ]
SQL: SHOW COLUMNS FROM `lqk_comment` [ RunTime:0.0003s ]
SQL: SELECT COUNT(*) AS tp_count FROM `lqk_comment` WHERE `uid` = 97 AND `content` = 'dsf' AND `post_id` = 8 LIMIT 1   [ RunTime:0.0003s ]
SQL: SHOW COLUMNS FROM `lqk_comment` [ RunTime:0.0004s ]
SQL: INSERT INTO `lqk_comment` (`click_number`,`content`,`uid`,`post_id`,`create_time`) VALUES ('0','dsf','97','8','1486696572') [ RunTime:0.0010s ]
INFO: [ view_parse ] --START--
INFO: [ template_filter ] --START--
INFO: Run Behavior\ContentReplaceBehavior [ RunTime:0.000035s ]
INFO: [ template_filter ] --END-- [ RunTime:0.000062s ]
INFO: Run Behavior\ParseTemplateBehavior [ RunTime:0.009297s ]
INFO: [ view_parse ] --END-- [ RunTime:0.009346s ]
INFO: [ view_filter ] --START--
INFO: Run Behavior\WriteHtmlCacheBehavior [ RunTime:0.000148s ]
INFO: [ view_filter ] --END-- [ RunTime:0.000167s ]
INFO: [ app_end ] --START--
INFO: Run Behavior\ShowPageTraceBehavior [ RunTime:0.000363s ]
INFO: [ app_end ] --END-- [ RunTime:0.000381s ]

[ 2017-02-10T11:16:13+08:00 ] 127.0.0.1 /index.php/Admin/Comment/add/post_id/8
INFO: [ app_init ] --START--
INFO: Run Behavior\BuildLiteBehavior [ RunTime:0.000006s ]
INFO: [ app_init ] --END-- [ RunTime:0.000182s ]
INFO: [ app_begin ] --START--
INFO: Run Behavior\ReadHtmlCacheBehavior [ RunTime:0.000230s ]
INFO: [ app_begin ] --END-- [ RunTime:0.000247s ]
SQL: SHOW COLUMNS FROM `lqk_auth_group_access` [ RunTime:0.0004s ]
SQL: SELECT `uid`,`group_id`,`title`,`rules` FROM lqk_auth_group_access a INNER JOIN lqk_auth_group g on a.group_id=g.id  WHERE ( a.uid='88' and g.status='1' )  [ RunTime:0.0003s ]
SQL: SHOW COLUMNS FROM `lqk_auth_rule` [ RunTime:0.0003s ]
SQL: SELECT `condition`,`name` FROM `lqk_auth_rule` WHERE `id` IN ('6','96','20','1','2','3','4','5','64','21','7','8','9','10','11','12','13','14','15','16','123','124','125','19','104','126','129','130','131','143','144','145','146','148','137','138','139','140','132','133','134','135','136','141','142') AND `type` = 1 AND `status` = 1  [ RunTime:0.0003s ]
INFO: [ view_parse ] --START--
INFO: [ template_filter ] --START--
INFO: Run Behavior\ContentReplaceBehavior [ RunTime:0.000063s ]
INFO: [ template_filter ] --END-- [ RunTime:0.000079s ]
INFO: Run Behavior\ParseTemplateBehavior [ RunTime:0.003030s ]
INFO: [ view_parse ] --END-- [ RunTime:0.003047s ]
INFO: [ view_filter ] --START--
INFO: Run Behavior\WriteHtmlCacheBehavior [ RunTime:0.000073s ]
INFO: [ view_filter ] --END-- [ RunTime:0.000083s ]
INFO: [ app_end ] --START--
INFO: Run Behavior\ShowPageTraceBehavior [ RunTime:0.000226s ]
INFO: [ app_end ] --END-- [ RunTime:0.000238s ]

[ 2017-02-10T11:16:13+08:00 ] 127.0.0.1 /index.php/Admin/Users/get_users_list/p/1
INFO: [ app_init ] --START--
INFO: Run Behavior\BuildLiteBehavior [ RunTime:0.000024s ]
INFO: [ app_init ] --END-- [ RunTime:0.000566s ]
INFO: [ app_begin ] --START--
INFO: Run Behavior\ReadHtmlCacheBehavior [ RunTime:0.000726s ]
INFO: [ app_begin ] --END-- [ RunTime:0.000776s ]
SQL: SHOW COLUMNS FROM `lqk_auth_group_access` [ RunTime:0.0011s ]
SQL: SELECT `uid`,`group_id`,`title`,`rules` FROM lqk_auth_group_access a INNER JOIN lqk_auth_group g on a.group_id=g.id  WHERE ( a.uid='88' and g.status='1' )  [ RunTime:0.0005s ]
SQL: SHOW COLUMNS FROM `lqk_auth_rule` [ RunTime:0.0006s ]
SQL: SELECT `condition`,`name` FROM `lqk_auth_rule` WHERE `id` IN ('6','96','20','1','2','3','4','5','64','21','7','8','9','10','11','12','13','14','15','16','123','124','125','19','104','126','129','130','131','143','144','145','146','148','137','138','139','140','132','133','134','135','136','141','142') AND `type` = 1 AND `status` = 1  [ RunTime:0.0005s ]
SQL: SHOW COLUMNS FROM `lqk_users` [ RunTime:0.0004s ]
SQL: SELECT COUNT(*) AS tp_count FROM `lqk_users` LIMIT 1   [ RunTime:0.0002s ]
NOTIC: [8] Only variables should be passed by reference /Library/WebServer/Documents/newshishiping/ThinkPHP/Library/Think/Db/Driver.class.php 第 769 行.
SQL: SELECT `username`,`avatar`,`register_time`,`id` FROM `lqk_users` WHERE `status` = 3 ORDER BY `id` desc LIMIT 0,15   [ RunTime:0.0004s ]

[ 2017-02-10T11:21:51+08:00 ] 127.0.0.1 /index.php/Admin/Posts/index
INFO: [ app_init ] --START--
INFO: Run Behavior\BuildLiteBehavior [ RunTime:0.000006s ]
INFO: [ app_init ] --END-- [ RunTime:0.000168s ]
INFO: [ app_begin ] --START--
INFO: Run Behavior\ReadHtmlCacheBehavior [ RunTime:0.000205s ]
INFO: [ app_begin ] --END-- [ RunTime:0.000219s ]
SQL: SHOW COLUMNS FROM `lqk_auth_group_access` [ RunTime:0.0004s ]
SQL: SELECT `uid`,`group_id`,`title`,`rules` FROM lqk_auth_group_access a INNER JOIN lqk_auth_group g on a.group_id=g.id  WHERE ( a.uid='88' and g.status='1' )  [ RunTime:0.0003s ]
SQL: SHOW COLUMNS FROM `lqk_auth_rule` [ RunTime:0.0003s ]
SQL: SELECT `condition`,`name` FROM `lqk_auth_rule` WHERE `id` IN ('6','96','20','1','2','3','4','5','64','21','7','8','9','10','11','12','13','14','15','16','123','124','125','19','104','126','129','130','131','143','144','145','146','148','137','138','139','140','132','133','134','135','136','141','142') AND `type` = 1 AND `status` = 1  [ RunTime:0.0003s ]
SQL: SHOW COLUMNS FROM `lqk_posts` [ RunTime:0.0004s ]
SQL: SELECT COUNT(*) AS tp_count FROM `lqk_posts` LIMIT 1   [ RunTime:0.0002s ]
NOTIC: [8] Only variables should be passed by reference /Library/WebServer/Documents/newshishiping/ThinkPHP/Library/Think/Db/Driver.class.php 第 769 行.
SQL: SELECT p.post_id,p.title,p.cover_path,p.create_time,p.uid,p.cate_id,p.click_number,p.see_number,u.username,u.avatar FROM lqk_posts p INNER JOIN lqk_users as u on p.uid = u.id  ORDER BY p.post_id desc LIMIT 0,15   [ RunTime:0.0004s ]
SQL: SHOW COLUMNS FROM `lqk_comment` [ RunTime:0.0014s ]
SQL: SELECT COUNT(*) AS tp_count FROM `lqk_comment` WHERE `post_id` = 9 LIMIT 1   [ RunTime:0.0006s ]
SQL: SHOW COLUMNS FROM `lqk_point` [ RunTime:0.0010s ]
SQL: SELECT COUNT(*) AS tp_count FROM `lqk_point` WHERE `post_id` = 9 AND `status` = 0 LIMIT 1   [ RunTime:0.0003s ]
SQL: SELECT COUNT(*) AS tp_count FROM `lqk_comment` WHERE `post_id` = 8 LIMIT 1   [ RunTime:0.0003s ]
SQL: SELECT COUNT(*) AS tp_count FROM `lqk_point` WHERE `post_id` = 8 AND `status` = 0 LIMIT 1   [ RunTime:0.0003s ]
SQL: SELECT COUNT(*) AS tp_count FROM `lqk_comment` WHERE `post_id` = 7 LIMIT 1   [ RunTime:0.0002s ]
SQL: SELECT COUNT(*) AS tp_count FROM `lqk_point` WHERE `post_id` = 7 AND `status` = 0 LIMIT 1   [ RunTime:0.0002s ]
SQL: SELECT COUNT(*) AS tp_count FROM `lqk_comment` WHERE `post_id` = 6 LIMIT 1   [ RunTime:0.0002s ]
SQL: SELECT COUNT(*) AS tp_count FROM `lqk_point` WHERE `post_id` = 6 AND `status` = 0 LIMIT 1   [ RunTime:0.0002s ]
SQL: SELECT COUNT(*) AS tp_count FROM `lqk_comment` WHERE `post_id` = 5 LIMIT 1   [ RunTime:0.0002s ]
SQL: SELECT COUNT(*) AS tp_count FROM `lqk_point` WHERE `post_id` = 5 AND `status` = 0 LIMIT 1   [ RunTime:0.0002s ]
INFO: [ view_parse ] --START--
INFO: [ template_filter ] --START--
INFO: Run Behavior\ContentReplaceBehavior [ RunTime:0.000142s ]
INFO: [ template_filter ] --END-- [ RunTime:0.000173s ]
INFO: Run Behavior\ParseTemplateBehavior [ RunTime:0.004405s ]
INFO: [ view_parse ] --END-- [ RunTime:0.004425s ]
INFO: [ view_filter ] --START--
INFO: Run Behavior\WriteHtmlCacheBehavior [ RunTime:0.000102s ]
INFO: [ view_filter ] --END-- [ RunTime:0.000114s ]
INFO: [ app_end ] --START--
INFO: Run Behavior\ShowPageTraceBehavior [ RunTime:0.000277s ]
INFO: [ app_end ] --END-- [ RunTime:0.000292s ]

[ 2017-02-10T11:21:53+08:00 ] 127.0.0.1 /index.php/Admin/Comment/add/post_id/8
INFO: [ app_init ] --START--
INFO: Run Behavior\BuildLiteBehavior [ RunTime:0.000005s ]
INFO: [ app_init ] --END-- [ RunTime:0.000145s ]
INFO: [ app_begin ] --START--
INFO: Run Behavior\ReadHtmlCacheBehavior [ RunTime:0.000204s ]
INFO: [ app_begin ] --END-- [ RunTime:0.000219s ]
SQL: SHOW COLUMNS FROM `lqk_auth_group_access` [ RunTime:0.0004s ]
SQL: SELECT `uid`,`group_id`,`title`,`rules` FROM lqk_auth_group_access a INNER JOIN lqk_auth_group g on a.group_id=g.id  WHERE ( a.uid='88' and g.status='1' )  [ RunTime:0.0003s ]
SQL: SHOW COLUMNS FROM `lqk_auth_rule` [ RunTime:0.0003s ]
SQL: SELECT `condition`,`name` FROM `lqk_auth_rule` WHERE `id` IN ('6','96','20','1','2','3','4','5','64','21','7','8','9','10','11','12','13','14','15','16','123','124','125','19','104','126','129','130','131','143','144','145','146','148','137','138','139','140','132','133','134','135','136','141','142') AND `type` = 1 AND `status` = 1  [ RunTime:0.0004s ]
INFO: [ view_parse ] --START--
INFO: [ template_filter ] --START--
INFO: Run Behavior\ContentReplaceBehavior [ RunTime:0.000063s ]
INFO: [ template_filter ] --END-- [ RunTime:0.000082s ]
INFO: Run Behavior\ParseTemplateBehavior [ RunTime:0.004893s ]
INFO: [ view_parse ] --END-- [ RunTime:0.004910s ]
INFO: [ view_filter ] --START--
INFO: Run Behavior\WriteHtmlCacheBehavior [ RunTime:0.000074s ]
INFO: [ view_filter ] --END-- [ RunTime:0.000085s ]
INFO: [ app_end ] --START--
INFO: Run Behavior\ShowPageTraceBehavior [ RunTime:0.000226s ]
INFO: [ app_end ] --END-- [ RunTime:0.000238s ]

[ 2017-02-10T11:21:53+08:00 ] 127.0.0.1 /index.php/Admin/Users/get_users_list/p/1
INFO: [ app_init ] --START--
INFO: Run Behavior\BuildLiteBehavior [ RunTime:0.000007s ]
INFO: [ app_init ] --END-- [ RunTime:0.000168s ]
INFO: [ app_begin ] --START--
INFO: Run Behavior\ReadHtmlCacheBehavior [ RunTime:0.000227s ]
INFO: [ app_begin ] --END-- [ RunTime:0.000245s ]
SQL: SHOW COLUMNS FROM `lqk_auth_group_access` [ RunTime:0.0004s ]
SQL: SELECT `uid`,`group_id`,`title`,`rules` FROM lqk_auth_group_access a INNER JOIN lqk_auth_group g on a.group_id=g.id  WHERE ( a.uid='88' and g.status='1' )  [ RunTime:0.0004s ]
SQL: SHOW COLUMNS FROM `lqk_auth_rule` [ RunTime:0.0005s ]
SQL: SELECT `condition`,`name` FROM `lqk_auth_rule` WHERE `id` IN ('6','96','20','1','2','3','4','5','64','21','7','8','9','10','11','12','13','14','15','16','123','124','125','19','104','126','129','130','131','143','144','145','146','148','137','138','139','140','132','133','134','135','136','141','142') AND `type` = 1 AND `status` = 1  [ RunTime:0.0004s ]
SQL: SHOW COLUMNS FROM `lqk_users` [ RunTime:0.0005s ]
SQL: SELECT COUNT(*) AS tp_count FROM `lqk_users` LIMIT 1   [ RunTime:0.0002s ]
NOTIC: [8] Only variables should be passed by reference /Library/WebServer/Documents/newshishiping/ThinkPHP/Library/Think/Db/Driver.class.php 第 769 行.
SQL: SELECT `username`,`avatar`,`register_time`,`id` FROM `lqk_users` WHERE `status` = 3 ORDER BY `id` desc LIMIT 0,15   [ RunTime:0.0004s ]

[ 2017-02-10T11:34:09+08:00 ] 127.0.0.1 /index.php/Admin/Rule/index
INFO: [ app_init ] --START--
INFO: Run Behavior\BuildLiteBehavior [ RunTime:0.000008s ]
INFO: [ app_init ] --END-- [ RunTime:0.000374s ]
INFO: [ app_begin ] --START--
INFO: Run Behavior\ReadHtmlCacheBehavior [ RunTime:0.000576s ]
INFO: [ app_begin ] --END-- [ RunTime:0.000618s ]
SQL: SHOW COLUMNS FROM `lqk_auth_group_access` [ RunTime:0.0003s ]
SQL: SELECT `uid`,`group_id`,`title`,`rules` FROM lqk_auth_group_access a INNER JOIN lqk_auth_group g on a.group_id=g.id  WHERE ( a.uid='88' and g.status='1' )  [ RunTime:0.0003s ]
SQL: SHOW COLUMNS FROM `lqk_auth_rule` [ RunTime:0.0003s ]
SQL: SELECT `condition`,`name` FROM `lqk_auth_rule` WHERE `id` IN ('6','96','20','1','2','3','4','5','64','21','7','8','9','10','11','12','13','14','15','16','123','124','125','19','104','126','129','130','131','143','144','145','146','148','137','138','139','140','132','133','134','135','136','141','142') AND `type` = 1 AND `status` = 1  [ RunTime:0.0003s ]
SQL: SHOW COLUMNS FROM `lqk_auth_rule` [ RunTime:0.0005s ]
SQL: SELECT * FROM `lqk_auth_rule` ORDER BY id is null,`id`  [ RunTime:0.0006s ]
INFO: [ view_parse ] --START--
INFO: [ template_filter ] --START--
INFO: Run Behavior\ContentReplaceBehavior [ RunTime:0.000079s ]
INFO: [ template_filter ] --END-- [ RunTime:0.000100s ]
INFO: Run Behavior\ParseTemplateBehavior [ RunTime:0.026429s ]
INFO: [ view_parse ] --END-- [ RunTime:0.026460s ]
INFO: [ view_filter ] --START--
INFO: Run Behavior\WriteHtmlCacheBehavior [ RunTime:0.000347s ]
INFO: [ view_filter ] --END-- [ RunTime:0.000368s ]
INFO: [ app_end ] --START--
INFO: Run Behavior\ShowPageTraceBehavior [ RunTime:0.000614s ]
INFO: [ app_end ] --END-- [ RunTime:0.000639s ]

[ 2017-02-10T11:34:21+08:00 ] 127.0.0.1 /index.php/Admin/Rule/edit
INFO: [ app_init ] --START--
INFO: Run Behavior\BuildLiteBehavior [ RunTime:0.000008s ]
INFO: [ app_init ] --END-- [ RunTime:0.000172s ]
INFO: [ app_begin ] --START--
INFO: Run Behavior\ReadHtmlCacheBehavior [ RunTime:0.000221s ]
INFO: [ app_begin ] --END-- [ RunTime:0.000239s ]
SQL: SHOW COLUMNS FROM `lqk_auth_group_access` [ RunTime:0.0004s ]
SQL: SELECT `uid`,`group_id`,`title`,`rules` FROM lqk_auth_group_access a INNER JOIN lqk_auth_group g on a.group_id=g.id  WHERE ( a.uid='88' and g.status='1' )  [ RunTime:0.0003s ]
SQL: SHOW COLUMNS FROM `lqk_auth_rule` [ RunTime:0.0004s ]
SQL: SELECT `condition`,`name` FROM `lqk_auth_rule` WHERE `id` IN ('6','96','20','1','2','3','4','5','64','21','7','8','9','10','11','12','13','14','15','16','123','124','125','19','104','126','129','130','131','143','144','145','146','148','137','138','139','140','132','133','134','135','136','141','142') AND `type` = 1 AND `status` = 1  [ RunTime:0.0003s ]
SQL: SHOW COLUMNS FROM `lqk_auth_rule` [ RunTime:0.0006s ]
SQL: UPDATE `lqk_auth_rule` SET `id`='148',`title`='查看评论',`name`='Admin/Comment/index' WHERE `id` = 148 [ RunTime:0.0043s ]
INFO: [ view_parse ] --START--
INFO: [ template_filter ] --START--
INFO: Run Behavior\ContentReplaceBehavior [ RunTime:0.000028s ]
INFO: [ template_filter ] --END-- [ RunTime:0.000048s ]
INFO: Run Behavior\ParseTemplateBehavior [ RunTime:0.010180s ]
INFO: [ view_parse ] --END-- [ RunTime:0.010243s ]
INFO: [ view_filter ] --START--
INFO: Run Behavior\WriteHtmlCacheBehavior [ RunTime:0.000324s ]
INFO: [ view_filter ] --END-- [ RunTime:0.000370s ]
INFO: [ app_end ] --START--
INFO: Run Behavior\ShowPageTraceBehavior [ RunTime:0.000705s ]
INFO: [ app_end ] --END-- [ RunTime:0.000768s ]

[ 2017-02-10T11:34:22+08:00 ] 127.0.0.1 /index.php/Admin/Rule/index
INFO: [ app_init ] --START--
INFO: Run Behavior\BuildLiteBehavior [ RunTime:0.000007s ]
INFO: [ app_init ] --END-- [ RunTime:0.000164s ]
INFO: [ app_begin ] --START--
INFO: Run Behavior\ReadHtmlCacheBehavior [ RunTime:0.000218s ]
INFO: [ app_begin ] --END-- [ RunTime:0.000235s ]
SQL: SHOW COLUMNS FROM `lqk_auth_group_access` [ RunTime:0.0005s ]
SQL: SELECT `uid`,`group_id`,`title`,`rules` FROM lqk_auth_group_access a INNER JOIN lqk_auth_group g on a.group_id=g.id  WHERE ( a.uid='88' and g.status='1' )  [ RunTime:0.0005s ]
SQL: SHOW COLUMNS FROM `lqk_auth_rule` [ RunTime:0.0005s ]
SQL: SELECT `condition`,`name` FROM `lqk_auth_rule` WHERE `id` IN ('6','96','20','1','2','3','4','5','64','21','7','8','9','10','11','12','13','14','15','16','123','124','125','19','104','126','129','130','131','143','144','145','146','148','137','138','139','140','132','133','134','135','136','141','142') AND `type` = 1 AND `status` = 1  [ RunTime:0.0007s ]
SQL: SHOW COLUMNS FROM `lqk_auth_rule` [ RunTime:0.0014s ]
SQL: SELECT * FROM `lqk_auth_rule` ORDER BY id is null,`id`  [ RunTime:0.0007s ]
INFO: [ view_parse ] --START--
INFO: [ template_filter ] --START--
INFO: Run Behavior\ContentReplaceBehavior [ RunTime:0.000065s ]
INFO: [ template_filter ] --END-- [ RunTime:0.000085s ]
INFO: Run Behavior\ParseTemplateBehavior [ RunTime:0.003943s ]
INFO: [ view_parse ] --END-- [ RunTime:0.003974s ]
INFO: [ view_filter ] --START--
INFO: Run Behavior\WriteHtmlCacheBehavior [ RunTime:0.000237s ]
INFO: [ view_filter ] --END-- [ RunTime:0.000263s ]
INFO: [ app_end ] --START--
INFO: Run Behavior\ShowPageTraceBehavior [ RunTime:0.000622s ]
INFO: [ app_end ] --END-- [ RunTime:0.000665s ]

