[ 2017-01-17T16:55:22+08:00 ] 127.0.0.1 /index.php/User/Login/login
INFO: [ app_init ] --START--
INFO: Run Behavior\BuildLiteBehavior [ RunTime:0.000023s ]
INFO: [ app_init ] --END-- [ RunTime:0.000405s ]
INFO: [ app_begin ] --START--
INFO: Run Behavior\ReadHtmlCacheBehavior [ RunTime:0.000261s ]
INFO: [ app_begin ] --END-- [ RunTime:0.000284s ]
NOTIC: [8] Trying to get property of non-object /Library/WebServer/Documents/shishiping/ThinkPHP/Library/Org/Xb/Wxjssdk.class.php 第 65 行.
NOTIC: [8] Trying to get property of non-object /Library/WebServer/Documents/shishiping/ThinkPHP/Library/Org/Xb/Wxjssdk.class.php 第 46 行.
INFO: [ view_parse ] --START--
INFO: [ template_filter ] --START--
INFO: Run Behavior\ContentReplaceBehavior [ RunTime:0.000063s ]
INFO: [ template_filter ] --END-- [ RunTime:0.000089s ]
INFO: Run Behavior\ParseTemplateBehavior [ RunTime:0.006492s ]
INFO: [ view_parse ] --END-- [ RunTime:0.006517s ]
INFO: [ view_filter ] --START--
INFO: Run Behavior\WriteHtmlCacheBehavior [ RunTime:0.000099s ]
INFO: [ view_filter ] --END-- [ RunTime:0.000110s ]
INFO: [ app_end ] --START--
INFO: Run Behavior\ShowPageTraceBehavior [ RunTime:0.000284s ]
INFO: [ app_end ] --END-- [ RunTime:0.000297s ]

[ 2017-01-17T16:55:22+08:00 ] 127.0.0.1 /index.php/User/Login/verify_code
INFO: [ app_init ] --START--
INFO: Run Behavior\BuildLiteBehavior [ RunTime:0.000006s ]
INFO: [ app_init ] --END-- [ RunTime:0.000159s ]
INFO: [ app_begin ] --START--
INFO: Run Behavior\ReadHtmlCacheBehavior [ RunTime:0.000216s ]
INFO: [ app_begin ] --END-- [ RunTime:0.000231s ]
NOTIC: [8] Trying to get property of non-object /Library/WebServer/Documents/shishiping/ThinkPHP/Library/Org/Xb/Wxjssdk.class.php 第 65 行.
NOTIC: [8] Trying to get property of non-object /Library/WebServer/Documents/shishiping/ThinkPHP/Library/Org/Xb/Wxjssdk.class.php 第 46 行.
NOTIC: [8] Use of undefined constant ture - assumed 'ture' /Library/WebServer/Documents/shishiping/Application/Common/Common/function.php 第 480 行.
INFO: [ app_end ] --START--
INFO: Run Behavior\ShowPageTraceBehavior [ RunTime:0.000318s ]
INFO: [ app_end ] --END-- [ RunTime:0.000348s ]

[ 2017-01-17T16:55:27+08:00 ] 127.0.0.1 /index.php/User/Login/login
INFO: [ app_init ] --START--
INFO: Run Behavior\BuildLiteBehavior [ RunTime:0.000011s ]
INFO: [ app_init ] --END-- [ RunTime:0.000222s ]
INFO: [ app_begin ] --START--
INFO: Run Behavior\ReadHtmlCacheBehavior [ RunTime:0.000242s ]
INFO: [ app_begin ] --END-- [ RunTime:0.000260s ]
NOTIC: [8] Trying to get property of non-object /Library/WebServer/Documents/shishiping/ThinkPHP/Library/Org/Xb/Wxjssdk.class.php 第 65 行.
NOTIC: [8] Trying to get property of non-object /Library/WebServer/Documents/shishiping/ThinkPHP/Library/Org/Xb/Wxjssdk.class.php 第 46 行.
SQL: SHOW COLUMNS FROM `lqk_users` [ RunTime:0.0272s ]
SQL: SELECT `id`,`password`,`username` FROM `lqk_users` WHERE `username` = 'admin' LIMIT 1   [ RunTime:0.0045s ]
INFO: [ view_parse ] --START--
INFO: [ template_filter ] --START--
INFO: Run Behavior\ContentReplaceBehavior [ RunTime:0.000044s ]
INFO: [ template_filter ] --END-- [ RunTime:0.000065s ]
NOTIC: [8] Undefined variable: message /Library/WebServer/Documents/shishiping/Runtime/Cache/User/cf67dc478d0f9143c4e32b762444702a.php 第 19 行.
INFO: Run Behavior\ParseTemplateBehavior [ RunTime:0.009559s ]
INFO: [ view_parse ] --END-- [ RunTime:0.009581s ]
INFO: [ view_filter ] --START--
INFO: Run Behavior\WriteHtmlCacheBehavior [ RunTime:0.000122s ]
INFO: [ view_filter ] --END-- [ RunTime:0.000139s ]

[ 2017-01-17T16:55:31+08:00 ] 127.0.0.1 /index.php/User/Login/login
INFO: [ app_init ] --START--
INFO: Run Behavior\BuildLiteBehavior [ RunTime:0.000009s ]
INFO: [ app_init ] --END-- [ RunTime:0.000165s ]
INFO: [ app_begin ] --START--
INFO: Run Behavior\ReadHtmlCacheBehavior [ RunTime:0.000221s ]
INFO: [ app_begin ] --END-- [ RunTime:0.000236s ]
NOTIC: [8] Trying to get property of non-object /Library/WebServer/Documents/shishiping/ThinkPHP/Library/Org/Xb/Wxjssdk.class.php 第 65 行.
NOTIC: [8] Trying to get property of non-object /Library/WebServer/Documents/shishiping/ThinkPHP/Library/Org/Xb/Wxjssdk.class.php 第 46 行.
INFO: [ view_parse ] --START--
INFO: [ template_filter ] --START--
INFO: Run Behavior\ContentReplaceBehavior [ RunTime:0.000037s ]
INFO: [ template_filter ] --END-- [ RunTime:0.000058s ]
INFO: Run Behavior\ParseTemplateBehavior [ RunTime:0.003122s ]
INFO: [ view_parse ] --END-- [ RunTime:0.003140s ]
INFO: [ view_filter ] --START--
INFO: Run Behavior\WriteHtmlCacheBehavior [ RunTime:0.000096s ]
INFO: [ view_filter ] --END-- [ RunTime:0.000109s ]
INFO: [ app_end ] --START--
INFO: Run Behavior\ShowPageTraceBehavior [ RunTime:0.000266s ]
INFO: [ app_end ] --END-- [ RunTime:0.000281s ]

[ 2017-01-17T16:55:31+08:00 ] 127.0.0.1 /index.php/User/Login/verify_code
INFO: [ app_init ] --START--
INFO: Run Behavior\BuildLiteBehavior [ RunTime:0.000006s ]
INFO: [ app_init ] --END-- [ RunTime:0.000157s ]
INFO: [ app_begin ] --START--
INFO: Run Behavior\ReadHtmlCacheBehavior [ RunTime:0.000201s ]
INFO: [ app_begin ] --END-- [ RunTime:0.000216s ]
NOTIC: [8] Trying to get property of non-object /Library/WebServer/Documents/shishiping/ThinkPHP/Library/Org/Xb/Wxjssdk.class.php 第 65 行.
NOTIC: [8] Trying to get property of non-object /Library/WebServer/Documents/shishiping/ThinkPHP/Library/Org/Xb/Wxjssdk.class.php 第 46 行.
NOTIC: [8] Use of undefined constant ture - assumed 'ture' /Library/WebServer/Documents/shishiping/Application/Common/Common/function.php 第 480 行.
INFO: [ app_end ] --START--
INFO: Run Behavior\ShowPageTraceBehavior [ RunTime:0.000360s ]
INFO: [ app_end ] --END-- [ RunTime:0.000391s ]

[ 2017-01-17T16:55:34+08:00 ] 127.0.0.1 /index.php/User/Login/login
INFO: [ app_init ] --START--
INFO: Run Behavior\BuildLiteBehavior [ RunTime:0.000008s ]
INFO: [ app_init ] --END-- [ RunTime:0.000257s ]
INFO: [ app_begin ] --START--
INFO: Run Behavior\ReadHtmlCacheBehavior [ RunTime:0.000225s ]
INFO: [ app_begin ] --END-- [ RunTime:0.000241s ]
NOTIC: [8] Trying to get property of non-object /Library/WebServer/Documents/shishiping/ThinkPHP/Library/Org/Xb/Wxjssdk.class.php 第 65 行.
NOTIC: [8] Trying to get property of non-object /Library/WebServer/Documents/shishiping/ThinkPHP/Library/Org/Xb/Wxjssdk.class.php 第 46 行.
SQL: SHOW COLUMNS FROM `lqk_users` [ RunTime:0.0005s ]
SQL: SELECT `id`,`password`,`username` FROM `lqk_users` WHERE `username` = 'admin' LIMIT 1   [ RunTime:0.0002s ]
NOTIC: [8] Undefined index: avatar /Library/WebServer/Documents/shishiping/Application/User/Controller/LoginController.class.php 第 31 行.
INFO: [ view_parse ] --START--
INFO: [ template_filter ] --START--
INFO: Run Behavior\ContentReplaceBehavior [ RunTime:0.000031s ]
INFO: [ template_filter ] --END-- [ RunTime:0.000050s ]
NOTIC: [8] Undefined variable: error /Library/WebServer/Documents/shishiping/Runtime/Cache/User/cf67dc478d0f9143c4e32b762444702a.php 第 19 行.
INFO: Run Behavior\ParseTemplateBehavior [ RunTime:0.002780s ]
INFO: [ view_parse ] --END-- [ RunTime:0.002793s ]
INFO: [ view_filter ] --START--
INFO: Run Behavior\WriteHtmlCacheBehavior [ RunTime:0.000074s ]
INFO: [ view_filter ] --END-- [ RunTime:0.000084s ]
INFO: [ app_end ] --START--
INFO: Run Behavior\ShowPageTraceBehavior [ RunTime:0.000245s ]
INFO: [ app_end ] --END-- [ RunTime:0.000256s ]

