[ 2017-02-10T10:38:15+08:00 ] 127.0.0.1 /index.php/User/Posts/jump_url
INFO: [ app_init ] --START--
INFO: Run Behavior\BuildLiteBehavior [ RunTime:0.000012s ]
INFO: [ app_init ] --END-- [ RunTime:0.000429s ]
INFO: [ app_begin ] --START--
INFO: Run Behavior\ReadHtmlCacheBehavior [ RunTime:0.000543s ]
INFO: [ app_begin ] --END-- [ RunTime:0.000569s ]
NOTIC: [8] Trying to get property of non-object /Library/WebServer/Documents/newshishiping/ThinkPHP/Library/Org/Xb/Wxjssdk.class.php 第 63 行.
NOTIC: [8] Trying to get property of non-object /Library/WebServer/Documents/newshishiping/ThinkPHP/Library/Org/Xb/Wxjssdk.class.php 第 44 行.
SQL: SHOW COLUMNS FROM `lqk_category` [ RunTime:0.0077s ]
SQL: SELECT `cate_id` FROM `lqk_category` LIMIT 1   [ RunTime:0.0002s ]

[ 2017-02-10T10:38:15+08:00 ] 127.0.0.1 /index.php/User/Posts/index/cate_id/4
INFO: [ app_init ] --START--
INFO: Run Behavior\BuildLiteBehavior [ RunTime:0.000008s ]
INFO: [ app_init ] --END-- [ RunTime:0.000211s ]
INFO: [ app_begin ] --START--
INFO: Run Behavior\ReadHtmlCacheBehavior [ RunTime:0.000269s ]
INFO: [ app_begin ] --END-- [ RunTime:0.000286s ]
NOTIC: [8] Trying to get property of non-object /Library/WebServer/Documents/newshishiping/ThinkPHP/Library/Org/Xb/Wxjssdk.class.php 第 63 行.
NOTIC: [8] Trying to get property of non-object /Library/WebServer/Documents/newshishiping/ThinkPHP/Library/Org/Xb/Wxjssdk.class.php 第 44 行.
SQL: SHOW COLUMNS FROM `lqk_category` [ RunTime:0.0010s ]
SQL: SELECT * FROM `lqk_category`  [ RunTime:0.0005s ]
INFO: [ view_parse ] --START--
INFO: [ template_filter ] --START--
INFO: Run Behavior\ContentReplaceBehavior [ RunTime:0.000127s ]
INFO: [ template_filter ] --END-- [ RunTime:0.000149s ]
INFO: Run Behavior\ParseTemplateBehavior [ RunTime:0.022906s ]
INFO: [ view_parse ] --END-- [ RunTime:0.023050s ]
INFO: [ view_filter ] --START--
INFO: Run Behavior\WriteHtmlCacheBehavior [ RunTime:0.001088s ]
INFO: [ view_filter ] --END-- [ RunTime:0.001155s ]
INFO: [ app_end ] --START--
INFO: Run Behavior\ShowPageTraceBehavior [ RunTime:0.000969s ]
INFO: [ app_end ] --END-- [ RunTime:0.001017s ]

[ 2017-02-10T10:38:16+08:00 ] 127.0.0.1 /index.php/User/Posts/list_data/cate_id/4/p/1
INFO: [ app_init ] --START--
INFO: Run Behavior\BuildLiteBehavior [ RunTime:0.000007s ]
INFO: [ app_init ] --END-- [ RunTime:0.000152s ]
INFO: [ app_begin ] --START--
INFO: Run Behavior\ReadHtmlCacheBehavior [ RunTime:0.000234s ]
INFO: [ app_begin ] --END-- [ RunTime:0.000251s ]
NOTIC: [8] Trying to get property of non-object /Library/WebServer/Documents/newshishiping/ThinkPHP/Library/Org/Xb/Wxjssdk.class.php 第 63 行.
NOTIC: [8] Trying to get property of non-object /Library/WebServer/Documents/newshishiping/ThinkPHP/Library/Org/Xb/Wxjssdk.class.php 第 44 行.
SQL: SHOW COLUMNS FROM `lqk_posts` [ RunTime:0.0007s ]
SQL: SELECT COUNT(*) AS tp_count FROM lqk_posts p INNER JOIN lqk_users as u on p.uid=u.id  WHERE p.cate_id = '4' LIMIT 1   [ RunTime:0.0025s ]
NOTIC: [8] Only variables should be passed by reference /Library/WebServer/Documents/newshishiping/ThinkPHP/Library/Think/Db/Driver.class.php 第 769 行.
SQL: SELECT p.click_number,p.post_id,p.title,p.cover_path,p.create_time,p.uid,p.cate_id,p.click_number,p.see_number,u.username,u.avatar FROM lqk_posts p INNER JOIN lqk_users as u on p.uid = u.id  WHERE p.cate_id = '4' ORDER BY p.post_id desc LIMIT 0,3   [ RunTime:0.0006s ]
SQL: SHOW COLUMNS FROM `lqk_comment` [ RunTime:0.0006s ]
SQL: SELECT COUNT(*) AS tp_count FROM `lqk_comment` WHERE `post_id` = 9 LIMIT 1   [ RunTime:0.0002s ]
SQL: SELECT COUNT(*) AS tp_count FROM `lqk_comment` WHERE `post_id` = 8 LIMIT 1   [ RunTime:0.0002s ]
SQL: SELECT COUNT(*) AS tp_count FROM `lqk_comment` WHERE `post_id` = 7 LIMIT 1   [ RunTime:0.0002s ]

[ 2017-02-10T10:38:16+08:00 ] 127.0.0.1 /index.php/User/Posts/list_data/cate_id/4/p/1
INFO: [ app_init ] --START--
INFO: Run Behavior\BuildLiteBehavior [ RunTime:0.000017s ]
INFO: [ app_init ] --END-- [ RunTime:0.000399s ]
INFO: [ app_begin ] --START--
INFO: Run Behavior\ReadHtmlCacheBehavior [ RunTime:0.000528s ]
INFO: [ app_begin ] --END-- [ RunTime:0.000573s ]
NOTIC: [8] Trying to get property of non-object /Library/WebServer/Documents/newshishiping/ThinkPHP/Library/Org/Xb/Wxjssdk.class.php 第 63 行.
NOTIC: [8] Trying to get property of non-object /Library/WebServer/Documents/newshishiping/ThinkPHP/Library/Org/Xb/Wxjssdk.class.php 第 44 行.
SQL: SHOW COLUMNS FROM `lqk_posts` [ RunTime:0.0005s ]
SQL: SELECT COUNT(*) AS tp_count FROM lqk_posts p INNER JOIN lqk_users as u on p.uid=u.id  WHERE p.cate_id = '4' LIMIT 1   [ RunTime:0.0003s ]
NOTIC: [8] Only variables should be passed by reference /Library/WebServer/Documents/newshishiping/ThinkPHP/Library/Think/Db/Driver.class.php 第 769 行.
SQL: SELECT p.click_number,p.post_id,p.title,p.cover_path,p.create_time,p.uid,p.cate_id,p.click_number,p.see_number,u.username,u.avatar FROM lqk_posts p INNER JOIN lqk_users as u on p.uid = u.id  WHERE p.cate_id = '4' ORDER BY p.post_id desc LIMIT 0,3   [ RunTime:0.0004s ]
SQL: SHOW COLUMNS FROM `lqk_comment` [ RunTime:0.0004s ]
SQL: SELECT COUNT(*) AS tp_count FROM `lqk_comment` WHERE `post_id` = 9 LIMIT 1   [ RunTime:0.0002s ]
SQL: SELECT COUNT(*) AS tp_count FROM `lqk_comment` WHERE `post_id` = 8 LIMIT 1   [ RunTime:0.0002s ]
SQL: SELECT COUNT(*) AS tp_count FROM `lqk_comment` WHERE `post_id` = 7 LIMIT 1   [ RunTime:0.0002s ]

